Execute command: [
  `which`
  `cmake`
]
[/Volumes/git/m1-sdk/lib]> "which" "cmake"
/usr/local/bin/cmake
Execute command: [
  `cmake`
  `--version`
]
[/Volumes/git/m1-sdk/lib]> "cmake" "--version"
cmake version 3.20.0

CMake suite maintained and supported by Kitware (kitware.com/cmake).
Execute command: [
  `cmake`
  `-H.`
  `-B/Volumes/git/m1-sdk/lib/_builds/gcc-armhf-neon-vfpv4-Release`
  `-DCMAKE_BUILD_TYPE=Release`
  `-GUnix Makefiles`
  `-DCMAKE_TOOLCHAIN_FILE=/Volumes/git/polly/gcc-armhf-neon-vfpv4.cmake`
  `-DCMAKE_INSTALL_PREFIX=/Volumes/git/m1-sdk/lib/_install/gcc-armhf-neon-vfpv4`
]
[/Volumes/git/m1-sdk/lib]> "cmake" "-H." "-B/Volumes/git/m1-sdk/lib/_builds/gcc-armhf-neon-vfpv4-Release" "-DCMAKE_BUILD_TYPE=Release" "-GUnix Makefiles" "-DCMAKE_TOOLCHAIN_FILE=/Volumes/git/polly/gcc-armhf-neon-vfpv4.cmake" "-DCMAKE_INSTALL_PREFIX=/Volumes/git/m1-sdk/lib/_install/gcc-armhf-neon-vfpv4"
-- [polly] Used toolchain: Linux / gcc / armhf / c++11 support / neon-vfpv4
-- The C compiler identification is GNU 10.2.1
-- The CXX compiler identification is GNU 10.2.1
-- Detecting C compiler ABI info
-- Detecting C compiler ABI info - failed
-- Check for working C compiler: /usr/local/bin/arm-none-eabi-gcc
-- Check for working C compiler: /usr/local/bin/arm-none-eabi-gcc - broken
CMake Error at /usr/local/Cellar/cmake/3.20.0/share/cmake/Modules/CMakeTestCCompiler.cmake:66 (message):
  The C compiler

    "/usr/local/bin/arm-none-eabi-gcc"

  is not able to compile a simple test program.

  It fails with the following output:

    Change Dir: /Volumes/git/m1-sdk/lib/_builds/gcc-armhf-neon-vfpv4-Release/CMakeFiles/CMakeTmp

    Run Build Command(s):/usr/bin/make -f Makefile cmTC_331d9/fast && /Applications/Xcode.app/Contents/Developer/usr/bin/make  -f CMakeFiles/cmTC_331d9.dir/build.make CMakeFiles/cmTC_331d9.dir/build
    Building C object CMakeFiles/cmTC_331d9.dir/testCCompiler.c.o
    /usr/local/bin/arm-none-eabi-gcc   -mfpu=neon-vfpv4 -mfloat-abi=hard  -o CMakeFiles/cmTC_331d9.dir/testCCompiler.c.o -c /Volumes/git/m1-sdk/lib/_builds/gcc-armhf-neon-vfpv4-Release/CMakeFiles/CMakeTmp/testCCompiler.c
    Linking C executable cmTC_331d9
    /usr/local/Cellar/cmake/3.20.0/bin/cmake -E cmake_link_script CMakeFiles/cmTC_331d9.dir/link.txt --verbose=1
    /usr/local/bin/arm-none-eabi-gcc -mfpu=neon-vfpv4 -mfloat-abi=hard  CMakeFiles/cmTC_331d9.dir/testCCompiler.c.o -o cmTC_331d9
    /usr/local/Caskroom/gcc-arm-embedded/10-2020-q4-major/gcc-arm-none-eabi-10-2020-q4-major/bin/../lib/gcc/arm-none-eabi/10.2.1/../../../../arm-none-eabi/bin/ld: error: CMakeFiles/cmTC_331d9.dir/testCCompiler.c.o uses VFP register arguments, cmTC_331d9 does not
    /usr/local/Caskroom/gcc-arm-embedded/10-2020-q4-major/gcc-arm-none-eabi-10-2020-q4-major/bin/../lib/gcc/arm-none-eabi/10.2.1/../../../../arm-none-eabi/bin/ld: failed to merge target specific data of file CMakeFiles/cmTC_331d9.dir/testCCompiler.c.o
    /usr/local/Caskroom/gcc-arm-embedded/10-2020-q4-major/gcc-arm-none-eabi-10-2020-q4-major/bin/../lib/gcc/arm-none-eabi/10.2.1/../../../../arm-none-eabi/bin/ld: /usr/local/Caskroom/gcc-arm-embedded/10-2020-q4-major/gcc-arm-none-eabi-10-2020-q4-major/bin/../lib/gcc/arm-none-eabi/10.2.1/../../../../arm-none-eabi/lib/libc.a(lib_a-exit.o): in function `exit':
    exit.c:(.text.exit+0x2c): undefined reference to `_exit'
    collect2: error: ld returned 1 exit status
    make[1]: *** [cmTC_331d9] Error 1
    make: *** [cmTC_331d9/fast] Error 2





  CMake will not be able to correctly generate this project.
Call Stack (most recent call first):
  CMakeLists.txt:2 (project)


-- Configuring incomplete, errors occurred!
See also "/Volumes/git/m1-sdk/lib/_builds/gcc-armhf-neon-vfpv4-Release/CMakeFiles/CMakeOutput.log".
See also "/Volumes/git/m1-sdk/lib/_builds/gcc-armhf-neon-vfpv4-Release/CMakeFiles/CMakeError.log".
