Execute command: [
  `which`
  `cmake`
]
[/Volumes/git/m1-sdk/lib]> "which" "cmake"
/usr/local/bin/cmake
Execute command: [
  `cmake`
  `--version`
]
[/Volumes/git/m1-sdk/lib]> "cmake" "--version"
cmake version 3.20.0

CMake suite maintained and supported by Kitware (kitware.com/cmake).
Execute command: [
  `cmake`
  `-H.`
  `-B/Volumes/git/m1-sdk/lib/_builds/gcc-armhf-m0-cxx14-Release`
  `-DCMAKE_BUILD_TYPE=Release`
  `-GUnix Makefiles`
  `-DCMAKE_TOOLCHAIN_FILE=/Volumes/git/polly/gcc-armhf-m0-cxx14.cmake`
  `-DCMAKE_INSTALL_PREFIX=/Volumes/git/m1-sdk/lib/_install/gcc-armhf-m0-cxx14`
]
[/Volumes/git/m1-sdk/lib]> "cmake" "-H." "-B/Volumes/git/m1-sdk/lib/_builds/gcc-armhf-m0-cxx14-Release" "-DCMAKE_BUILD_TYPE=Release" "-GUnix Makefiles" "-DCMAKE_TOOLCHAIN_FILE=/Volumes/git/polly/gcc-armhf-m0-cxx14.cmake" "-DCMAKE_INSTALL_PREFIX=/Volumes/git/m1-sdk/lib/_install/gcc-armhf-m0-cxx14"
-- [polly] Used toolchain: Linux / gcc / armhf / c++14 support / cortex-m0
-- The C compiler identification is unknown
-- The CXX compiler identification is unknown
-- Detecting C compiler ABI info
-- Detecting C compiler ABI info - failed
-- Check for working C compiler: /usr/local/bin/arm-none-eabi-gcc
-- Check for working C compiler: /usr/local/bin/arm-none-eabi-gcc - broken
CMake Error at /usr/local/Cellar/cmake/3.20.0/share/cmake/Modules/CMakeTestCCompiler.cmake:66 (message):
  The C compiler

    "/usr/local/bin/arm-none-eabi-gcc"

  is not able to compile a simple test program.

  It fails with the following output:

    Change Dir: /Volumes/git/m1-sdk/lib/_builds/gcc-armhf-m0-cxx14-Release/CMakeFiles/CMakeTmp

    Run Build Command(s):/usr/bin/make -f Makefile cmTC_ac8c2/fast && /Applications/Xcode.app/Contents/Developer/usr/bin/make  -f CMakeFiles/cmTC_ac8c2.dir/build.make CMakeFiles/cmTC_ac8c2.dir/build
    Building C object CMakeFiles/cmTC_ac8c2.dir/testCCompiler.c.obj
    /usr/local/bin/arm-none-eabi-gcc   -mcpu=cortex-m0 -mfloat-abi=hard  -o CMakeFiles/cmTC_ac8c2.dir/testCCompiler.c.obj -c /Volumes/git/m1-sdk/lib/_builds/gcc-armhf-m0-cxx14-Release/CMakeFiles/CMakeTmp/testCCompiler.c
    cc1: error: '-mfloat-abi=hard': selected processor lacks an FPU
    make[1]: *** [CMakeFiles/cmTC_ac8c2.dir/testCCompiler.c.obj] Error 1
    make: *** [cmTC_ac8c2/fast] Error 2





  CMake will not be able to correctly generate this project.
Call Stack (most recent call first):
  CMakeLists.txt:2 (project)


-- Configuring incomplete, errors occurred!
See also "/Volumes/git/m1-sdk/lib/_builds/gcc-armhf-m0-cxx14-Release/CMakeFiles/CMakeOutput.log".
See also "/Volumes/git/m1-sdk/lib/_builds/gcc-armhf-m0-cxx14-Release/CMakeFiles/CMakeError.log".
