Execute command: [
  `which`
  `cmake`
]
[/Volumes/git/m1-sdk/lib]> "which" "cmake"
/usr/local/bin/cmake
Execute command: [
  `cmake`
  `--version`
]
[/Volumes/git/m1-sdk/lib]> "cmake" "--version"
cmake version 3.20.4

CMake suite maintained and supported by Kitware (kitware.com/cmake).
Execute command: [
  `cmake`
  `-H.`
  `-B/Volumes/git/m1-sdk/lib/_builds/xcode`
  `-GXcode`
  `-DCMAKE_TOOLCHAIN_FILE=/Volumes/git/polly/xcode.cmake`
  `-DCMAKE_INSTALL_PREFIX=/Volumes/git/m1-sdk/lib/_install/xcode`
]
[/Volumes/git/m1-sdk/lib]> "cmake" "-H." "-B/Volumes/git/m1-sdk/lib/_builds/xcode" "-GXcode" "-DCMAKE_TOOLCHAIN_FILE=/Volumes/git/polly/xcode.cmake" "-DCMAKE_INSTALL_PREFIX=/Volumes/git/m1-sdk/lib/_install/xcode"
-- [polly] Used toolchain: Xcode / clang / LLVM Standard C++ Library (libc++) / c++11 support
-- The C compiler identification is AppleClang 13.0.0.13000029
-- The CXX compiler identification is AppleClang 13.0.0.13000029
-- Detecting C compiler ABI info
-- Detecting C compiler ABI info - done
-- Check for working C compiler: /Applications/Xcode.app/Contents/Developer/Toolchains/XcodeDefault.xctoolchain/usr/bin/clang - skipped
-- Detecting C compile features
-- Detecting C compile features - done
-- Detecting CXX compiler ABI info
-- Detecting CXX compiler ABI info - done
-- Check for working CXX compiler: /Applications/Xcode.app/Contents/Developer/Toolchains/XcodeDefault.xctoolchain/usr/bin/clang++ - skipped
-- Detecting CXX compile features
-- Detecting CXX compile features - done
-- Configuring done
-- Generating done
-- Build files have been written to: /Volumes/git/m1-sdk/lib/_builds/xcode
Execute command: [
  `cmake`
  `--build`
  `/Volumes/git/m1-sdk/lib/_builds/xcode`
  `--target`
  `ZERO_CHECK`
]
[/Volumes/git/m1-sdk/lib]> "cmake" "--build" "/Volumes/git/m1-sdk/lib/_builds/xcode" "--target" "ZERO_CHECK"
2021-10-12 17:46:47.859 xcodebuild[14389:6150415] [MT] PluginLoading: Required plug-in compatibility UUID 8BAA96B4-5225-471B-B124-D32A349B8106 for plug-in at path '/Library/Application Support/Developer/Shared/Xcode/Plug-ins/PACE Fusion Clang LLVM 1.0.xcplugin' not present in DVTPlugInCompatibilityUUIDs
Command line invocation:
    /Applications/Xcode.app/Contents/Developer/usr/bin/xcodebuild -project Mach1SpatialLibraries.xcodeproj build -target ZERO_CHECK -parallelizeTargets -configuration Debug -hideShellScriptEnvironment

User defaults from command line:
    HideShellScriptEnvironment = YES
    IDEPackageSupportUseBuiltinSCM = YES

note: Using new build system
note: Planning
Analyze workspace

Create build description
Build description signature: 82649e12da88037496c601ef75ed0178
Build description path: /Volumes/git/m1-sdk/lib/_builds/xcode/build/XCBuildData/82649e12da88037496c601ef75ed0178-desc.xcbuild

note: Build preparation complete
note: Building targets in parallel
CreateBuildDirectory /Volumes/git/m1-sdk/lib/_builds/xcode
    cd /Volumes/git/m1-sdk/lib/_builds/xcode/Mach1SpatialLibraries.xcodeproj
    builtin-create-build-directory /Volumes/git/m1-sdk/lib/_builds/xcode

CreateBuildDirectory /Volumes/git/m1-sdk/lib/_builds/xcode/Debug
    cd /Volumes/git/m1-sdk/lib/_builds/xcode/Mach1SpatialLibraries.xcodeproj
    builtin-create-build-directory /Volumes/git/m1-sdk/lib/_builds/xcode/Debug

WriteAuxiliaryFile /Volumes/git/m1-sdk/lib/_builds/xcode/Mach1SpatialLibraries.build/Debug/ZERO_CHECK.build/Script-89BB46FB40C4F8EFD5596738.sh (in target 'ZERO_CHECK' from project 'Mach1SpatialLibraries')
    cd /Volumes/git/m1-sdk/lib
    write-file /Volumes/git/m1-sdk/lib/_builds/xcode/Mach1SpatialLibraries.build/Debug/ZERO_CHECK.build/Script-89BB46FB40C4F8EFD5596738.sh

PhaseScriptExecution Generate\ CMakeFiles/ZERO_CHECK /Volumes/git/m1-sdk/lib/_builds/xcode/Mach1SpatialLibraries.build/Debug/ZERO_CHECK.build/Script-89BB46FB40C4F8EFD5596738.sh (in target 'ZERO_CHECK' from project 'Mach1SpatialLibraries')
    cd /Volumes/git/m1-sdk/lib
    /bin/sh -c /Volumes/git/m1-sdk/lib/_builds/xcode/Mach1SpatialLibraries.build/Debug/ZERO_CHECK.build/Script-89BB46FB40C4F8EFD5596738.sh
make[1]: `/Volumes/git/m1-sdk/lib/_builds/xcode/CMakeFiles/cmake.check_cache' is up to date.

** BUILD SUCCEEDED **

Execute command: [
  `cmake`
  `--build`
  `/Volumes/git/m1-sdk/lib/_builds/xcode`
  `--config`
  `Release`
  `--target`
  `install`
  `--`
]
[/Volumes/git/m1-sdk/lib]> "cmake" "--build" "/Volumes/git/m1-sdk/lib/_builds/xcode" "--config" "Release" "--target" "install" "--"
2021-10-12 17:46:50.901 xcodebuild[14423:6150754] [MT] PluginLoading: Required plug-in compatibility UUID 8BAA96B4-5225-471B-B124-D32A349B8106 for plug-in at path '/Library/Application Support/Developer/Shared/Xcode/Plug-ins/PACE Fusion Clang LLVM 1.0.xcplugin' not present in DVTPlugInCompatibilityUUIDs
Command line invocation:
    /Applications/Xcode.app/Contents/Developer/usr/bin/xcodebuild -project Mach1SpatialLibraries.xcodeproj build -target install -parallelizeTargets -configuration Release -hideShellScriptEnvironment

User defaults from command line:
    HideShellScriptEnvironment = YES
    IDEPackageSupportUseBuiltinSCM = YES

note: Using new build system
note: Planning
Analyze workspace

Create build description
Build description signature: 54e051a000b75ee51825ed0ef9e97fe8
Build description path: /Volumes/git/m1-sdk/lib/_builds/xcode/build/XCBuildData/54e051a000b75ee51825ed0ef9e97fe8-desc.xcbuild

note: Build preparation complete
note: Building targets in parallel
CreateBuildDirectory /Volumes/git/m1-sdk/lib/_builds/xcode/Release
    cd /Volumes/git/m1-sdk/lib/_builds/xcode/Mach1SpatialLibraries.xcodeproj
    builtin-create-build-directory /Volumes/git/m1-sdk/lib/_builds/xcode/Release

WriteAuxiliaryFile /Volumes/git/m1-sdk/lib/_builds/xcode/Mach1SpatialLibraries.build/Release/ZERO_CHECK.build/Script-89BB46FB40C4F8EFD5596738.sh (in target 'ZERO_CHECK' from project 'Mach1SpatialLibraries')
    cd /Volumes/git/m1-sdk/lib
    write-file /Volumes/git/m1-sdk/lib/_builds/xcode/Mach1SpatialLibraries.build/Release/ZERO_CHECK.build/Script-89BB46FB40C4F8EFD5596738.sh

PhaseScriptExecution Generate\ CMakeFiles/ZERO_CHECK /Volumes/git/m1-sdk/lib/_builds/xcode/Mach1SpatialLibraries.build/Release/ZERO_CHECK.build/Script-89BB46FB40C4F8EFD5596738.sh (in target 'ZERO_CHECK' from project 'Mach1SpatialLibraries')
    cd /Volumes/git/m1-sdk/lib
    /bin/sh -c /Volumes/git/m1-sdk/lib/_builds/xcode/Mach1SpatialLibraries.build/Release/ZERO_CHECK.build/Script-89BB46FB40C4F8EFD5596738.sh
make[1]: `/Volumes/git/m1-sdk/lib/_builds/xcode/CMakeFiles/cmake.check_cache' is up to date.

CompileC /Volumes/git/m1-sdk/lib/_builds/xcode/Mach1SpatialLibraries.build/Release/Mach1TranscodeCAPIbundle.build/Objects-normal/x86_64/pugixml.o /Volumes/git/m1-sdk/lib/include/xml/pugixml.cpp normal x86_64 c++ com.apple.compilers.llvm.clang.1_0.compiler (in target 'Mach1TranscodeCAPIbundle' from project 'Mach1SpatialLibraries')
    cd /Volumes/git/m1-sdk/lib
    /Applications/Xcode.app/Contents/Developer/Toolchains/XcodeDefault.xctoolchain/usr/bin/clang -x c++ -target x86_64-apple-macos11.3 -fmessage-length\=0 -fdiagnostics-show-note-include-stack -fmacro-backtrace-limit\=0 -stdlib\=libc++ -Wno-trigraphs -fpascal-strings -O3 -Wno-missing-field-initializers -Wno-missing-prototypes -Wno-return-type -Wno-non-virtual-dtor -Wno-overloaded-virtual -Wno-exit-time-destructors -Wno-missing-braces -Wparentheses -Wswitch -Wno-unused-function -Wno-unused-label -Wno-unused-parameter -Wno-unused-variable -Wunused-value -Wno-empty-body -Wno-uninitialized -Wno-unknown-pragmas -Wno-shadow -Wno-four-char-constants -Wno-conversion -Wno-constant-conversion -Wno-int-conversion -Wno-bool-conversion -Wno-enum-conversion -Wno-float-conversion -Wno-non-literal-null-conversion -Wno-objc-literal-conversion -Wno-shorten-64-to-32 -Wno-newline-eof -Wno-c++11-extensions -DCMAKE_INTDIR\=\"Release\" -DMach1TranscodeCAPIbundle_EXPORTS -isysroot /Applications/Xcode.app/Contents/Developer/Platforms/MacOSX.platform/Developer/SDKs/MacOSX11.3.sdk -fasm-blocks -fstrict-aliasing -Wdeprecated-declarations -Winvalid-offsetof -Wno-sign-conversion -Wno-infinite-recursion -Wno-move -Wno-comma -Wno-block-capture-autoreleasing -Wno-strict-prototypes -Wno-range-loop-analysis -Wno-semicolon-before-method-body -I/Volumes/git/m1-sdk/lib/_builds/xcode/Release/include -I/Volumes/git/m1-sdk/lib/include -I/Volumes/git/m1-sdk/lib/_builds/xcode/Mach1SpatialLibraries.build/Release/Mach1TranscodeCAPIbundle.build/DerivedSources-normal/x86_64 -I/Volumes/git/m1-sdk/lib/_builds/xcode/Mach1SpatialLibraries.build/Release/Mach1TranscodeCAPIbundle.build/DerivedSources/x86_64 -I/Volumes/git/m1-sdk/lib/_builds/xcode/Mach1SpatialLibraries.build/Release/Mach1TranscodeCAPIbundle.build/DerivedSources -F/Volumes/git/m1-sdk/lib/_builds/xcode/Release -std\=c++11 -DNDEBUG -fPIC -std\=c++11 -MMD -MT dependencies -MF /Volumes/git/m1-sdk/lib/_builds/xcode/Mach1SpatialLibraries.build/Release/Mach1TranscodeCAPIbundle.build/Objects-normal/x86_64/pugixml.d --serialize-diagnostics /Volumes/git/m1-sdk/lib/_builds/xcode/Mach1SpatialLibraries.build/Release/Mach1TranscodeCAPIbundle.build/Objects-normal/x86_64/pugixml.dia -c /Volumes/git/m1-sdk/lib/include/xml/pugixml.cpp -o /Volumes/git/m1-sdk/lib/_builds/xcode/Mach1SpatialLibraries.build/Release/Mach1TranscodeCAPIbundle.build/Objects-normal/x86_64/pugixml.o

CompileC /Volumes/git/m1-sdk/lib/_builds/xcode/Mach1SpatialLibraries.build/Release/Mach1TranscodeCAPIbundle.build/Objects-normal/x86_64/Mach1GenerateCoeffs.o /Volumes/git/m1-sdk/lib/Mach1GenerateCoeffs.cpp normal x86_64 c++ com.apple.compilers.llvm.clang.1_0.compiler (in target 'Mach1TranscodeCAPIbundle' from project 'Mach1SpatialLibraries')
    cd /Volumes/git/m1-sdk/lib
    /Applications/Xcode.app/Contents/Developer/Toolchains/XcodeDefault.xctoolchain/usr/bin/clang -x c++ -target x86_64-apple-macos11.3 -fmessage-length\=0 -fdiagnostics-show-note-include-stack -fmacro-backtrace-limit\=0 -stdlib\=libc++ -Wno-trigraphs -fpascal-strings -O3 -Wno-missing-field-initializers -Wno-missing-prototypes -Wno-return-type -Wno-non-virtual-dtor -Wno-overloaded-virtual -Wno-exit-time-destructors -Wno-missing-braces -Wparentheses -Wswitch -Wno-unused-function -Wno-unused-label -Wno-unused-parameter -Wno-unused-variable -Wunused-value -Wno-empty-body -Wno-uninitialized -Wno-unknown-pragmas -Wno-shadow -Wno-four-char-constants -Wno-conversion -Wno-constant-conversion -Wno-int-conversion -Wno-bool-conversion -Wno-enum-conversion -Wno-float-conversion -Wno-non-literal-null-conversion -Wno-objc-literal-conversion -Wno-shorten-64-to-32 -Wno-newline-eof -Wno-c++11-extensions -DCMAKE_INTDIR\=\"Release\" -DMach1TranscodeCAPIbundle_EXPORTS -isysroot /Applications/Xcode.app/Contents/Developer/Platforms/MacOSX.platform/Developer/SDKs/MacOSX11.3.sdk -fasm-blocks -fstrict-aliasing -Wdeprecated-declarations -Winvalid-offsetof -Wno-sign-conversion -Wno-infinite-recursion -Wno-move -Wno-comma -Wno-block-capture-autoreleasing -Wno-strict-prototypes -Wno-range-loop-analysis -Wno-semicolon-before-method-body -I/Volumes/git/m1-sdk/lib/_builds/xcode/Release/include -I/Volumes/git/m1-sdk/lib/include -I/Volumes/git/m1-sdk/lib/_builds/xcode/Mach1SpatialLibraries.build/Release/Mach1TranscodeCAPIbundle.build/DerivedSources-normal/x86_64 -I/Volumes/git/m1-sdk/lib/_builds/xcode/Mach1SpatialLibraries.build/Release/Mach1TranscodeCAPIbundle.build/DerivedSources/x86_64 -I/Volumes/git/m1-sdk/lib/_builds/xcode/Mach1SpatialLibraries.build/Release/Mach1TranscodeCAPIbundle.build/DerivedSources -F/Volumes/git/m1-sdk/lib/_builds/xcode/Release -std\=c++11 -DNDEBUG -fPIC -std\=c++11 -MMD -MT dependencies -MF /Volumes/git/m1-sdk/lib/_builds/xcode/Mach1SpatialLibraries.build/Release/Mach1TranscodeCAPIbundle.build/Objects-normal/x86_64/Mach1GenerateCoeffs.d --serialize-diagnostics /Volumes/git/m1-sdk/lib/_builds/xcode/Mach1SpatialLibraries.build/Release/Mach1TranscodeCAPIbundle.build/Objects-normal/x86_64/Mach1GenerateCoeffs.dia -c /Volumes/git/m1-sdk/lib/Mach1GenerateCoeffs.cpp -o /Volumes/git/m1-sdk/lib/_builds/xcode/Mach1SpatialLibraries.build/Release/Mach1TranscodeCAPIbundle.build/Objects-normal/x86_64/Mach1GenerateCoeffs.o

CompileC /Volumes/git/m1-sdk/lib/_builds/xcode/Mach1SpatialLibraries.build/Release/Mach1TranscodeCAPIbundle.build/Objects-normal/x86_64/Mach1Point3DCore.o /Volumes/git/m1-sdk/lib/Mach1Point3DCore.cpp normal x86_64 c++ com.apple.compilers.llvm.clang.1_0.compiler (in target 'Mach1TranscodeCAPIbundle' from project 'Mach1SpatialLibraries')
    cd /Volumes/git/m1-sdk/lib
    /Applications/Xcode.app/Contents/Developer/Toolchains/XcodeDefault.xctoolchain/usr/bin/clang -x c++ -target x86_64-apple-macos11.3 -fmessage-length\=0 -fdiagnostics-show-note-include-stack -fmacro-backtrace-limit\=0 -stdlib\=libc++ -Wno-trigraphs -fpascal-strings -O3 -Wno-missing-field-initializers -Wno-missing-prototypes -Wno-return-type -Wno-non-virtual-dtor -Wno-overloaded-virtual -Wno-exit-time-destructors -Wno-missing-braces -Wparentheses -Wswitch -Wno-unused-function -Wno-unused-label -Wno-unused-parameter -Wno-unused-variable -Wunused-value -Wno-empty-body -Wno-uninitialized -Wno-unknown-pragmas -Wno-shadow -Wno-four-char-constants -Wno-conversion -Wno-constant-conversion -Wno-int-conversion -Wno-bool-conversion -Wno-enum-conversion -Wno-float-conversion -Wno-non-literal-null-conversion -Wno-objc-literal-conversion -Wno-shorten-64-to-32 -Wno-newline-eof -Wno-c++11-extensions -DCMAKE_INTDIR\=\"Release\" -DMach1TranscodeCAPIbundle_EXPORTS -isysroot /Applications/Xcode.app/Contents/Developer/Platforms/MacOSX.platform/Developer/SDKs/MacOSX11.3.sdk -fasm-blocks -fstrict-aliasing -Wdeprecated-declarations -Winvalid-offsetof -Wno-sign-conversion -Wno-infinite-recursion -Wno-move -Wno-comma -Wno-block-capture-autoreleasing -Wno-strict-prototypes -Wno-range-loop-analysis -Wno-semicolon-before-method-body -I/Volumes/git/m1-sdk/lib/_builds/xcode/Release/include -I/Volumes/git/m1-sdk/lib/include -I/Volumes/git/m1-sdk/lib/_builds/xcode/Mach1SpatialLibraries.build/Release/Mach1TranscodeCAPIbundle.build/DerivedSources-normal/x86_64 -I/Volumes/git/m1-sdk/lib/_builds/xcode/Mach1SpatialLibraries.build/Release/Mach1TranscodeCAPIbundle.build/DerivedSources/x86_64 -I/Volumes/git/m1-sdk/lib/_builds/xcode/Mach1SpatialLibraries.build/Release/Mach1TranscodeCAPIbundle.build/DerivedSources -F/Volumes/git/m1-sdk/lib/_builds/xcode/Release -std\=c++11 -DNDEBUG -fPIC -std\=c++11 -MMD -MT dependencies -MF /Volumes/git/m1-sdk/lib/_builds/xcode/Mach1SpatialLibraries.build/Release/Mach1TranscodeCAPIbundle.build/Objects-normal/x86_64/Mach1Point3DCore.d --serialize-diagnostics /Volumes/git/m1-sdk/lib/_builds/xcode/Mach1SpatialLibraries.build/Release/Mach1TranscodeCAPIbundle.build/Objects-normal/x86_64/Mach1Point3DCore.dia -c /Volumes/git/m1-sdk/lib/Mach1Point3DCore.cpp -o /Volumes/git/m1-sdk/lib/_builds/xcode/Mach1SpatialLibraries.build/Release/Mach1TranscodeCAPIbundle.build/Objects-normal/x86_64/Mach1Point3DCore.o

CompileC /Volumes/git/m1-sdk/lib/_builds/xcode/Mach1SpatialLibraries.build/Release/Mach1TranscodeCAPIbundle.build/Objects-normal/x86_64/Mach1AudioTimelineCAPI.o /Volumes/git/m1-sdk/lib/Mach1AudioTimelineCAPI.cpp normal x86_64 c++ com.apple.compilers.llvm.clang.1_0.compiler (in target 'Mach1TranscodeCAPIbundle' from project 'Mach1SpatialLibraries')
    cd /Volumes/git/m1-sdk/lib
** BUILD FAILED **


The following build commands failed:
  CompileC /Volumes/git/m1-sdk/lib/_builds/xcode/Mach1SpatialLibraries.build/Release/Mach1TranscodeCAPIbundle.build/Objects-normal/x86_64/Mach1TranscodeCAPI.o /Volumes/git/m1-sdk/lib/Mach1TranscodeCAPI.cpp normal x86_64 c++ com.apple.compilers.llvm.clang.1_0.compiler (in target 'Mach1TranscodeCAPIbundle' from project 'Mach1SpatialLibraries')
  CompileC /Volumes/git/m1-sdk/lib/_builds/xcode/Mach1SpatialLibraries.build/Release/Mach1TranscodeCAPIbundle.build/Objects-normal/arm64/Mach1TranscodeCAPI.o /Volumes/git/m1-sdk/lib/Mach1TranscodeCAPI.cpp normal arm64 c++ com.apple.compilers.llvm.clang.1_0.compiler (in target 'Mach1TranscodeCAPIbundle' from project 'Mach1SpatialLibraries')
(2 failures)
    /Applications/Xcode.app/Contents/Developer/Toolchains/XcodeDefault.xctoolchain/usr/bin/clang -x c++ -target x86_64-apple-macos11.3 -fmessage-length\=0 -fdiagnostics-show-note-include-stack -fmacro-backtrace-limit\=0 -stdlib\=libc++ -Wno-trigraphs -fpascal-strings -O3 -Wno-missing-field-initializers -Wno-missing-prototypes -Wno-return-type -Wno-non-virtual-dtor -Wno-overloaded-virtual -Wno-exit-time-destructors -Wno-missing-braces -Wparentheses -Wswitch -Wno-unused-function -Wno-unused-label -Wno-unused-parameter -Wno-unused-variable -Wunused-value -Wno-empty-body -Wno-uninitialized -Wno-unknown-pragmas -Wno-shadow -Wno-four-char-constants -Wno-conversion -Wno-constant-conversion -Wno-int-conversion -Wno-bool-conversion -Wno-enum-conversion -Wno-float-conversion -Wno-non-literal-null-conversion -Wno-objc-literal-conversion -Wno-shorten-64-to-32 -Wno-newline-eof -Wno-c++11-extensions -DCMAKE_INTDIR\=\"Release\" -DMach1TranscodeCAPIbundle_EXPORTS -isysroot /Applications/Xcode.app/Contents/Developer/Platforms/MacOSX.platform/Developer/SDKs/MacOSX11.3.sdk -fasm-blocks -fstrict-aliasing -Wdeprecated-declarations -Winvalid-offsetof -Wno-sign-conversion -Wno-infinite-recursion -Wno-move -Wno-comma -Wno-block-capture-autoreleasing -Wno-strict-prototypes -Wno-range-loop-analysis -Wno-semicolon-before-method-body -I/Volumes/git/m1-sdk/lib/_builds/xcode/Release/include -I/Volumes/git/m1-sdk/lib/include -I/Volumes/git/m1-sdk/lib/_builds/xcode/Mach1SpatialLibraries.build/Release/Mach1TranscodeCAPIbundle.build/DerivedSources-normal/x86_64 -I/Volumes/git/m1-sdk/lib/_builds/xcode/Mach1SpatialLibraries.build/Release/Mach1TranscodeCAPIbundle.build/DerivedSources/x86_64 -I/Volumes/git/m1-sdk/lib/_builds/xcode/Mach1SpatialLibraries.build/Release/Mach1TranscodeCAPIbundle.build/DerivedSources -F/Volumes/git/m1-sdk/lib/_builds/xcode/Release -std\=c++11 -DNDEBUG -fPIC -std\=c++11 -MMD -MT dependencies -MF /Volumes/git/m1-sdk/lib/_builds/xcode/Mach1SpatialLibraries.build/Release/Mach1TranscodeCAPIbundle.build/Objects-normal/x86_64/Mach1AudioTimelineCAPI.d --serialize-diagnostics /Volumes/git/m1-sdk/lib/_builds/xcode/Mach1SpatialLibraries.build/Release/Mach1TranscodeCAPIbundle.build/Objects-normal/x86_64/Mach1AudioTimelineCAPI.dia -c /Volumes/git/m1-sdk/lib/Mach1AudioTimelineCAPI.cpp -o /Volumes/git/m1-sdk/lib/_builds/xcode/Mach1SpatialLibraries.build/Release/Mach1TranscodeCAPIbundle.build/Objects-normal/x86_64/Mach1AudioTimelineCAPI.o

CompileC /Volumes/git/m1-sdk/lib/_builds/xcode/Mach1SpatialLibraries.build/Release/Mach1TranscodeCAPIbundle.build/Objects-normal/x86_64/Yaml.o /Volumes/git/m1-sdk/lib/include/yaml/Yaml.cpp normal x86_64 c++ com.apple.compilers.llvm.clang.1_0.compiler (in target 'Mach1TranscodeCAPIbundle' from project 'Mach1SpatialLibraries')
    cd /Volumes/git/m1-sdk/lib
    /Applications/Xcode.app/Contents/Developer/Toolchains/XcodeDefault.xctoolchain/usr/bin/clang -x c++ -target x86_64-apple-macos11.3 -fmessage-length\=0 -fdiagnostics-show-note-include-stack -fmacro-backtrace-limit\=0 -stdlib\=libc++ -Wno-trigraphs -fpascal-strings -O3 -Wno-missing-field-initializers -Wno-missing-prototypes -Wno-return-type -Wno-non-virtual-dtor -Wno-overloaded-virtual -Wno-exit-time-destructors -Wno-missing-braces -Wparentheses -Wswitch -Wno-unused-function -Wno-unused-label -Wno-unused-parameter -Wno-unused-variable -Wunused-value -Wno-empty-body -Wno-uninitialized -Wno-unknown-pragmas -Wno-shadow -Wno-four-char-constants -Wno-conversion -Wno-constant-conversion -Wno-int-conversion -Wno-bool-conversion -Wno-enum-conversion -Wno-float-conversion -Wno-non-literal-null-conversion -Wno-objc-literal-conversion -Wno-shorten-64-to-32 -Wno-newline-eof -Wno-c++11-extensions -DCMAKE_INTDIR\=\"Release\" -DMach1TranscodeCAPIbundle_EXPORTS -isysroot /Applications/Xcode.app/Contents/Developer/Platforms/MacOSX.platform/Developer/SDKs/MacOSX11.3.sdk -fasm-blocks -fstrict-aliasing -Wdeprecated-declarations -Winvalid-offsetof -Wno-sign-conversion -Wno-infinite-recursion -Wno-move -Wno-comma -Wno-block-capture-autoreleasing -Wno-strict-prototypes -Wno-range-loop-analysis -Wno-semicolon-before-method-body -I/Volumes/git/m1-sdk/lib/_builds/xcode/Release/include -I/Volumes/git/m1-sdk/lib/include -I/Volumes/git/m1-sdk/lib/_builds/xcode/Mach1SpatialLibraries.build/Release/Mach1TranscodeCAPIbundle.build/DerivedSources-normal/x86_64 -I/Volumes/git/m1-sdk/lib/_builds/xcode/Mach1SpatialLibraries.build/Release/Mach1TranscodeCAPIbundle.build/DerivedSources/x86_64 -I/Volumes/git/m1-sdk/lib/_builds/xcode/Mach1SpatialLibraries.build/Release/Mach1TranscodeCAPIbundle.build/DerivedSources -F/Volumes/git/m1-sdk/lib/_builds/xcode/Release -std\=c++11 -DNDEBUG -fPIC -std\=c++11 -MMD -MT dependencies -MF /Volumes/git/m1-sdk/lib/_builds/xcode/Mach1SpatialLibraries.build/Release/Mach1TranscodeCAPIbundle.build/Objects-normal/x86_64/Yaml.d --serialize-diagnostics /Volumes/git/m1-sdk/lib/_builds/xcode/Mach1SpatialLibraries.build/Release/Mach1TranscodeCAPIbundle.build/Objects-normal/x86_64/Yaml.dia -c /Volumes/git/m1-sdk/lib/include/yaml/Yaml.cpp -o /Volumes/git/m1-sdk/lib/_builds/xcode/Mach1SpatialLibraries.build/Release/Mach1TranscodeCAPIbundle.build/Objects-normal/x86_64/Yaml.o

CompileC /Volumes/git/m1-sdk/lib/_builds/xcode/Mach1SpatialLibraries.build/Release/Mach1TranscodeCAPIbundle.build/Objects-normal/x86_64/Mach1AudioTimelineCore.o /Volumes/git/m1-sdk/lib/Mach1AudioTimelineCore.cpp normal x86_64 c++ com.apple.compilers.llvm.clang.1_0.compiler (in target 'Mach1TranscodeCAPIbundle' from project 'Mach1SpatialLibraries')
    cd /Volumes/git/m1-sdk/lib
    /Applications/Xcode.app/Contents/Developer/Toolchains/XcodeDefault.xctoolchain/usr/bin/clang -x c++ -target x86_64-apple-macos11.3 -fmessage-length\=0 -fdiagnostics-show-note-include-stack -fmacro-backtrace-limit\=0 -stdlib\=libc++ -Wno-trigraphs -fpascal-strings -O3 -Wno-missing-field-initializers -Wno-missing-prototypes -Wno-return-type -Wno-non-virtual-dtor -Wno-overloaded-virtual -Wno-exit-time-destructors -Wno-missing-braces -Wparentheses -Wswitch -Wno-unused-function -Wno-unused-label -Wno-unused-parameter -Wno-unused-variable -Wunused-value -Wno-empty-body -Wno-uninitialized -Wno-unknown-pragmas -Wno-shadow -Wno-four-char-constants -Wno-conversion -Wno-constant-conversion -Wno-int-conversion -Wno-bool-conversion -Wno-enum-conversion -Wno-float-conversion -Wno-non-literal-null-conversion -Wno-objc-literal-conversion -Wno-shorten-64-to-32 -Wno-newline-eof -Wno-c++11-extensions -DCMAKE_INTDIR\=\"Release\" -DMach1TranscodeCAPIbundle_EXPORTS -isysroot /Applications/Xcode.app/Contents/Developer/Platforms/MacOSX.platform/Developer/SDKs/MacOSX11.3.sdk -fasm-blocks -fstrict-aliasing -Wdeprecated-declarations -Winvalid-offsetof -Wno-sign-conversion -Wno-infinite-recursion -Wno-move -Wno-comma -Wno-block-capture-autoreleasing -Wno-strict-prototypes -Wno-range-loop-analysis -Wno-semicolon-before-method-body -I/Volumes/git/m1-sdk/lib/_builds/xcode/Release/include -I/Volumes/git/m1-sdk/lib/include -I/Volumes/git/m1-sdk/lib/_builds/xcode/Mach1SpatialLibraries.build/Release/Mach1TranscodeCAPIbundle.build/DerivedSources-normal/x86_64 -I/Volumes/git/m1-sdk/lib/_builds/xcode/Mach1SpatialLibraries.build/Release/Mach1TranscodeCAPIbundle.build/DerivedSources/x86_64 -I/Volumes/git/m1-sdk/lib/_builds/xcode/Mach1SpatialLibraries.build/Release/Mach1TranscodeCAPIbundle.build/DerivedSources -F/Volumes/git/m1-sdk/lib/_builds/xcode/Release -std\=c++11 -DNDEBUG -fPIC -std\=c++11 -MMD -MT dependencies -MF /Volumes/git/m1-sdk/lib/_builds/xcode/Mach1SpatialLibraries.build/Release/Mach1TranscodeCAPIbundle.build/Objects-normal/x86_64/Mach1AudioTimelineCore.d --serialize-diagnostics /Volumes/git/m1-sdk/lib/_builds/xcode/Mach1SpatialLibraries.build/Release/Mach1TranscodeCAPIbundle.build/Objects-normal/x86_64/Mach1AudioTimelineCore.dia -c /Volumes/git/m1-sdk/lib/Mach1AudioTimelineCore.cpp -o /Volumes/git/m1-sdk/lib/_builds/xcode/Mach1SpatialLibraries.build/Release/Mach1TranscodeCAPIbundle.build/Objects-normal/x86_64/Mach1AudioTimelineCore.o

CompileC /Volumes/git/m1-sdk/lib/_builds/xcode/Mach1SpatialLibraries.build/Release/Mach1TranscodeCAPIbundle.build/Objects-normal/x86_64/Mach1TranscodeCAPI.o /Volumes/git/m1-sdk/lib/Mach1TranscodeCAPI.cpp normal x86_64 c++ com.apple.compilers.llvm.clang.1_0.compiler (in target 'Mach1TranscodeCAPIbundle' from project 'Mach1SpatialLibraries')
    cd /Volumes/git/m1-sdk/lib
    /Applications/Xcode.app/Contents/Developer/Toolchains/XcodeDefault.xctoolchain/usr/bin/clang -x c++ -target x86_64-apple-macos11.3 -fmessage-length\=0 -fdiagnostics-show-note-include-stack -fmacro-backtrace-limit\=0 -stdlib\=libc++ -Wno-trigraphs -fpascal-strings -O3 -Wno-missing-field-initializers -Wno-missing-prototypes -Wno-return-type -Wno-non-virtual-dtor -Wno-overloaded-virtual -Wno-exit-time-destructors -Wno-missing-braces -Wparentheses -Wswitch -Wno-unused-function -Wno-unused-label -Wno-unused-parameter -Wno-unused-variable -Wunused-value -Wno-empty-body -Wno-uninitialized -Wno-unknown-pragmas -Wno-shadow -Wno-four-char-constants -Wno-conversion -Wno-constant-conversion -Wno-int-conversion -Wno-bool-conversion -Wno-enum-conversion -Wno-float-conversion -Wno-non-literal-null-conversion -Wno-objc-literal-conversion -Wno-shorten-64-to-32 -Wno-newline-eof -Wno-c++11-extensions -DCMAKE_INTDIR\=\"Release\" -DMach1TranscodeCAPIbundle_EXPORTS -isysroot /Applications/Xcode.app/Contents/Developer/Platforms/MacOSX.platform/Developer/SDKs/MacOSX11.3.sdk -fasm-blocks -fstrict-aliasing -Wdeprecated-declarations -Winvalid-offsetof -Wno-sign-conversion -Wno-infinite-recursion -Wno-move -Wno-comma -Wno-block-capture-autoreleasing -Wno-strict-prototypes -Wno-range-loop-analysis -Wno-semicolon-before-method-body -I/Volumes/git/m1-sdk/lib/_builds/xcode/Release/include -I/Volumes/git/m1-sdk/lib/include -I/Volumes/git/m1-sdk/lib/_builds/xcode/Mach1SpatialLibraries.build/Release/Mach1TranscodeCAPIbundle.build/DerivedSources-normal/x86_64 -I/Volumes/git/m1-sdk/lib/_builds/xcode/Mach1SpatialLibraries.build/Release/Mach1TranscodeCAPIbundle.build/DerivedSources/x86_64 -I/Volumes/git/m1-sdk/lib/_builds/xcode/Mach1SpatialLibraries.build/Release/Mach1TranscodeCAPIbundle.build/DerivedSources -F/Volumes/git/m1-sdk/lib/_builds/xcode/Release -std\=c++11 -DNDEBUG -fPIC -std\=c++11 -MMD -MT dependencies -MF /Volumes/git/m1-sdk/lib/_builds/xcode/Mach1SpatialLibraries.build/Release/Mach1TranscodeCAPIbundle.build/Objects-normal/x86_64/Mach1TranscodeCAPI.d --serialize-diagnostics /Volumes/git/m1-sdk/lib/_builds/xcode/Mach1SpatialLibraries.build/Release/Mach1TranscodeCAPIbundle.build/Objects-normal/x86_64/Mach1TranscodeCAPI.dia -c /Volumes/git/m1-sdk/lib/Mach1TranscodeCAPI.cpp -o /Volumes/git/m1-sdk/lib/_builds/xcode/Mach1SpatialLibraries.build/Release/Mach1TranscodeCAPIbundle.build/Objects-normal/x86_64/Mach1TranscodeCAPI.o
In file included from /Volumes/git/m1-sdk/lib/Mach1TranscodeCAPI.cpp:4:
/Volumes/git/m1-sdk/lib/Mach1TranscodeCore.h:2232:135: error: no member named 'M1SpatialS2DolbyAtmosSevenOneTwo' in namespace 'Mach1TranscodeConstantsInternal'
                {std::make_pair(Mach1TranscodeFormats::M1SpatialS, Mach1TranscodeFormats::DolbyAtmosSevenOneTwo), &Mach1TranscodeConstantsInternal::M1SpatialS2DolbyAtmosSevenOneTwo},
                                                                                                                   ~~~~~~~~~~~~~~~~~~~~~~~~~~~~~~~~~^
1 error generated.

CompileC /Volumes/git/m1-sdk/lib/_builds/xcode/Mach1SpatialLibraries.build/Release/Mach1TranscodeCAPIbundle.build/Objects-normal/x86_64/M1DSPUtilities.o /Volumes/git/m1-sdk/lib/include/M1DSP/M1DSPUtilities.cpp normal x86_64 c++ com.apple.compilers.llvm.clang.1_0.compiler (in target 'Mach1TranscodeCAPIbundle' from project 'Mach1SpatialLibraries')
    cd /Volumes/git/m1-sdk/lib
    /Applications/Xcode.app/Contents/Developer/Toolchains/XcodeDefault.xctoolchain/usr/bin/clang -x c++ -target x86_64-apple-macos11.3 -fmessage-length\=0 -fdiagnostics-show-note-include-stack -fmacro-backtrace-limit\=0 -stdlib\=libc++ -Wno-trigraphs -fpascal-strings -O3 -Wno-missing-field-initializers -Wno-missing-prototypes -Wno-return-type -Wno-non-virtual-dtor -Wno-overloaded-virtual -Wno-exit-time-destructors -Wno-missing-braces -Wparentheses -Wswitch -Wno-unused-function -Wno-unused-label -Wno-unused-parameter -Wno-unused-variable -Wunused-value -Wno-empty-body -Wno-uninitialized -Wno-unknown-pragmas -Wno-shadow -Wno-four-char-constants -Wno-conversion -Wno-constant-conversion -Wno-int-conversion -Wno-bool-conversion -Wno-enum-conversion -Wno-float-conversion -Wno-non-literal-null-conversion -Wno-objc-literal-conversion -Wno-shorten-64-to-32 -Wno-newline-eof -Wno-c++11-extensions -DCMAKE_INTDIR\=\"Release\" -DMach1TranscodeCAPIbundle_EXPORTS -isysroot /Applications/Xcode.app/Contents/Developer/Platforms/MacOSX.platform/Developer/SDKs/MacOSX11.3.sdk -fasm-blocks -fstrict-aliasing -Wdeprecated-declarations -Winvalid-offsetof -Wno-sign-conversion -Wno-infinite-recursion -Wno-move -Wno-comma -Wno-block-capture-autoreleasing -Wno-strict-prototypes -Wno-range-loop-analysis -Wno-semicolon-before-method-body -I/Volumes/git/m1-sdk/lib/_builds/xcode/Release/include -I/Volumes/git/m1-sdk/lib/include -I/Volumes/git/m1-sdk/lib/_builds/xcode/Mach1SpatialLibraries.build/Release/Mach1TranscodeCAPIbundle.build/DerivedSources-normal/x86_64 -I/Volumes/git/m1-sdk/lib/_builds/xcode/Mach1SpatialLibraries.build/Release/Mach1TranscodeCAPIbundle.build/DerivedSources/x86_64 -I/Volumes/git/m1-sdk/lib/_builds/xcode/Mach1SpatialLibraries.build/Release/Mach1TranscodeCAPIbundle.build/DerivedSources -F/Volumes/git/m1-sdk/lib/_builds/xcode/Release -std\=c++11 -DNDEBUG -fPIC -std\=c++11 -MMD -MT dependencies -MF /Volumes/git/m1-sdk/lib/_builds/xcode/Mach1SpatialLibraries.build/Release/Mach1TranscodeCAPIbundle.build/Objects-normal/x86_64/M1DSPUtilities.d --serialize-diagnostics /Volumes/git/m1-sdk/lib/_builds/xcode/Mach1SpatialLibraries.build/Release/Mach1TranscodeCAPIbundle.build/Objects-normal/x86_64/M1DSPUtilities.dia -c /Volumes/git/m1-sdk/lib/include/M1DSP/M1DSPUtilities.cpp -o /Volumes/git/m1-sdk/lib/_builds/xcode/Mach1SpatialLibraries.build/Release/Mach1TranscodeCAPIbundle.build/Objects-normal/x86_64/M1DSPUtilities.o

CompileC /Volumes/git/m1-sdk/lib/_builds/xcode/Mach1SpatialLibraries.build/Release/Mach1TranscodeCAPIbundle.build/Objects-normal/x86_64/Mach1TranscodeCore.o /Volumes/git/m1-sdk/lib/Mach1TranscodeCore.cpp normal x86_64 c++ com.apple.compilers.llvm.clang.1_0.compiler (in target 'Mach1TranscodeCAPIbundle' from project 'Mach1SpatialLibraries')
    cd /Volumes/git/m1-sdk/lib
    /Applications/Xcode.app/Contents/Developer/Toolchains/XcodeDefault.xctoolchain/usr/bin/clang -x c++ -target x86_64-apple-macos11.3 -fmessage-length\=0 -fdiagnostics-show-note-include-stack -fmacro-backtrace-limit\=0 -stdlib\=libc++ -Wno-trigraphs -fpascal-strings -O3 -Wno-missing-field-initializers -Wno-missing-prototypes -Wno-return-type -Wno-non-virtual-dtor -Wno-overloaded-virtual -Wno-exit-time-destructors -Wno-missing-braces -Wparentheses -Wswitch -Wno-unused-function -Wno-unused-label -Wno-unused-parameter -Wno-unused-variable -Wunused-value -Wno-empty-body -Wno-uninitialized -Wno-unknown-pragmas -Wno-shadow -Wno-four-char-constants -Wno-conversion -Wno-constant-conversion -Wno-int-conversion -Wno-bool-conversion -Wno-enum-conversion -Wno-float-conversion -Wno-non-literal-null-conversion -Wno-objc-literal-conversion -Wno-shorten-64-to-32 -Wno-newline-eof -Wno-c++11-extensions -DCMAKE_INTDIR\=\"Release\" -DMach1TranscodeCAPIbundle_EXPORTS -isysroot /Applications/Xcode.app/Contents/Developer/Platforms/MacOSX.platform/Developer/SDKs/MacOSX11.3.sdk -fasm-blocks -fstrict-aliasing -Wdeprecated-declarations -Winvalid-offsetof -Wno-sign-conversion -Wno-infinite-recursion -Wno-move -Wno-comma -Wno-block-capture-autoreleasing -Wno-strict-prototypes -Wno-range-loop-analysis -Wno-semicolon-before-method-body -I/Volumes/git/m1-sdk/lib/_builds/xcode/Release/include -I/Volumes/git/m1-sdk/lib/include -I/Volumes/git/m1-sdk/lib/_builds/xcode/Mach1SpatialLibraries.build/Release/Mach1TranscodeCAPIbundle.build/DerivedSources-normal/x86_64 -I/Volumes/git/m1-sdk/lib/_builds/xcode/Mach1SpatialLibraries.build/Release/Mach1TranscodeCAPIbundle.build/DerivedSources/x86_64 -I/Volumes/git/m1-sdk/lib/_builds/xcode/Mach1SpatialLibraries.build/Release/Mach1TranscodeCAPIbundle.build/DerivedSources -F/Volumes/git/m1-sdk/lib/_builds/xcode/Release -std\=c++11 -DNDEBUG -fPIC -std\=c++11 -MMD -MT dependencies -MF /Volumes/git/m1-sdk/lib/_builds/xcode/Mach1SpatialLibraries.build/Release/Mach1TranscodeCAPIbundle.build/Objects-normal/x86_64/Mach1TranscodeCore.d --serialize-diagnostics /Volumes/git/m1-sdk/lib/_builds/xcode/Mach1SpatialLibraries.build/Release/Mach1TranscodeCAPIbundle.build/Objects-normal/x86_64/Mach1TranscodeCore.dia -c /Volumes/git/m1-sdk/lib/Mach1TranscodeCore.cpp -o /Volumes/git/m1-sdk/lib/_builds/xcode/Mach1SpatialLibraries.build/Release/Mach1TranscodeCAPIbundle.build/Objects-normal/x86_64/Mach1TranscodeCore.o
In file included from /Volumes/git/m1-sdk/lib/Mach1TranscodeCore.cpp:4:
/Volumes/git/m1-sdk/lib/Mach1TranscodeCore.h:2232:135: error: no member named 'M1SpatialS2DolbyAtmosSevenOneTwo' in namespace 'Mach1TranscodeConstantsInternal'
                {std::make_pair(Mach1TranscodeFormats::M1SpatialS, Mach1TranscodeFormats::DolbyAtmosSevenOneTwo), &Mach1TranscodeConstantsInternal::M1SpatialS2DolbyAtmosSevenOneTwo},
                                                                                                                   ~~~~~~~~~~~~~~~~~~~~~~~~~~~~~~~~~^

WriteAuxiliaryFile /Volumes/git/m1-sdk/lib/_builds/xcode/Mach1SpatialLibraries.build/Release/Mach1TranscodeCAPIbundle.build/Objects-normal/x86_64/Mach1TranscodeCAPI.1.4.1.0.LinkFileList (in target 'Mach1TranscodeCAPIbundle' from project 'Mach1SpatialLibraries')
    cd /Volumes/git/m1-sdk/lib
    write-file /Volumes/git/m1-sdk/lib/_builds/xcode/Mach1SpatialLibraries.build/Release/Mach1TranscodeCAPIbundle.build/Objects-normal/x86_64/Mach1TranscodeCAPI.1.4.1.0.LinkFileList

WriteAuxiliaryFile /Volumes/git/m1-sdk/lib/_builds/xcode/Mach1SpatialLibraries.build/Release/Mach1TranscodeCAPIbundle.build/Objects-normal/arm64/Mach1TranscodeCAPI.1.4.1.0.LinkFileList (in target 'Mach1TranscodeCAPIbundle' from project 'Mach1SpatialLibraries')
    cd /Volumes/git/m1-sdk/lib
    write-file /Volumes/git/m1-sdk/lib/_builds/xcode/Mach1SpatialLibraries.build/Release/Mach1TranscodeCAPIbundle.build/Objects-normal/arm64/Mach1TranscodeCAPI.1.4.1.0.LinkFileList

CompileC /Volumes/git/m1-sdk/lib/_builds/xcode/Mach1SpatialLibraries.build/Release/Mach1TranscodeCAPIbundle.build/Objects-normal/x86_64/M1DSPFilters.o /Volumes/git/m1-sdk/lib/include/M1DSP/M1DSPFilters.cpp normal x86_64 c++ com.apple.compilers.llvm.clang.1_0.compiler (in target 'Mach1TranscodeCAPIbundle' from project 'Mach1SpatialLibraries')
    cd /Volumes/git/m1-sdk/lib
    /Applications/Xcode.app/Contents/Developer/Toolchains/XcodeDefault.xctoolchain/usr/bin/clang -x c++ -target x86_64-apple-macos11.3 -fmessage-length\=0 -fdiagnostics-show-note-include-stack -fmacro-backtrace-limit\=0 -stdlib\=libc++ -Wno-trigraphs -fpascal-strings -O3 -Wno-missing-field-initializers -Wno-missing-prototypes -Wno-return-type -Wno-non-virtual-dtor -Wno-overloaded-virtual -Wno-exit-time-destructors -Wno-missing-braces -Wparentheses -Wswitch -Wno-unused-function -Wno-unused-label -Wno-unused-parameter -Wno-unused-variable -Wunused-value -Wno-empty-body -Wno-uninitialized -Wno-unknown-pragmas -Wno-shadow -Wno-four-char-constants -Wno-conversion -Wno-constant-conversion -Wno-int-conversion -Wno-bool-conversion -Wno-enum-conversion -Wno-float-conversion -Wno-non-literal-null-conversion -Wno-objc-literal-conversion -Wno-shorten-64-to-32 -Wno-newline-eof -Wno-c++11-extensions -DCMAKE_INTDIR\=\"Release\" -DMach1TranscodeCAPIbundle_EXPORTS -isysroot /Applications/Xcode.app/Contents/Developer/Platforms/MacOSX.platform/Developer/SDKs/MacOSX11.3.sdk -fasm-blocks -fstrict-aliasing -Wdeprecated-declarations -Winvalid-offsetof -Wno-sign-conversion -Wno-infinite-recursion -Wno-move -Wno-comma -Wno-block-capture-autoreleasing -Wno-strict-prototypes -Wno-range-loop-analysis -Wno-semicolon-before-method-body -I/Volumes/git/m1-sdk/lib/_builds/xcode/Release/include -I/Volumes/git/m1-sdk/lib/include -I/Volumes/git/m1-sdk/lib/_builds/xcode/Mach1SpatialLibraries.build/Release/Mach1TranscodeCAPIbundle.build/DerivedSources-normal/x86_64 -I/Volumes/git/m1-sdk/lib/_builds/xcode/Mach1SpatialLibraries.build/Release/Mach1TranscodeCAPIbundle.build/DerivedSources/x86_64 -I/Volumes/git/m1-sdk/lib/_builds/xcode/Mach1SpatialLibraries.build/Release/Mach1TranscodeCAPIbundle.build/DerivedSources -F/Volumes/git/m1-sdk/lib/_builds/xcode/Release -std\=c++11 -DNDEBUG -fPIC -std\=c++11 -MMD -MT dependencies -MF /Volumes/git/m1-sdk/lib/_builds/xcode/Mach1SpatialLibraries.build/Release/Mach1TranscodeCAPIbundle.build/Objects-normal/x86_64/M1DSPFilters.d --serialize-diagnostics /Volumes/git/m1-sdk/lib/_builds/xcode/Mach1SpatialLibraries.build/Release/Mach1TranscodeCAPIbundle.build/Objects-normal/x86_64/M1DSPFilters.dia -c /Volumes/git/m1-sdk/lib/include/M1DSP/M1DSPFilters.cpp -o /Volumes/git/m1-sdk/lib/_builds/xcode/Mach1SpatialLibraries.build/Release/Mach1TranscodeCAPIbundle.build/Objects-normal/x86_64/M1DSPFilters.o

CompileC /Volumes/git/m1-sdk/lib/_builds/xcode/Mach1SpatialLibraries.build/Release/Mach1TranscodeCAPIbundle.build/Objects-normal/x86_64/M1DSPDynamics.o /Volumes/git/m1-sdk/lib/include/M1DSP/M1DSPDynamics.cpp normal x86_64 c++ com.apple.compilers.llvm.clang.1_0.compiler (in target 'Mach1TranscodeCAPIbundle' from project 'Mach1SpatialLibraries')
    cd /Volumes/git/m1-sdk/lib
    /Applications/Xcode.app/Contents/Developer/Toolchains/XcodeDefault.xctoolchain/usr/bin/clang -x c++ -target x86_64-apple-macos11.3 -fmessage-length\=0 -fdiagnostics-show-note-include-stack -fmacro-backtrace-limit\=0 -stdlib\=libc++ -Wno-trigraphs -fpascal-strings -O3 -Wno-missing-field-initializers -Wno-missing-prototypes -Wno-return-type -Wno-non-virtual-dtor -Wno-overloaded-virtual -Wno-exit-time-destructors -Wno-missing-braces -Wparentheses -Wswitch -Wno-unused-function -Wno-unused-label -Wno-unused-parameter -Wno-unused-variable -Wunused-value -Wno-empty-body -Wno-uninitialized -Wno-unknown-pragmas -Wno-shadow -Wno-four-char-constants -Wno-conversion -Wno-constant-conversion -Wno-int-conversion -Wno-bool-conversion -Wno-enum-conversion -Wno-float-conversion -Wno-non-literal-null-conversion -Wno-objc-literal-conversion -Wno-shorten-64-to-32 -Wno-newline-eof -Wno-c++11-extensions -DCMAKE_INTDIR\=\"Release\" -DMach1TranscodeCAPIbundle_EXPORTS -isysroot /Applications/Xcode.app/Contents/Developer/Platforms/MacOSX.platform/Developer/SDKs/MacOSX11.3.sdk -fasm-blocks -fstrict-aliasing -Wdeprecated-declarations -Winvalid-offsetof -Wno-sign-conversion -Wno-infinite-recursion -Wno-move -Wno-comma -Wno-block-capture-autoreleasing -Wno-strict-prototypes -Wno-range-loop-analysis -Wno-semicolon-before-method-body -I/Volumes/git/m1-sdk/lib/_builds/xcode/Release/include -I/Volumes/git/m1-sdk/lib/include -I/Volumes/git/m1-sdk/lib/_builds/xcode/Mach1SpatialLibraries.build/Release/Mach1TranscodeCAPIbundle.build/DerivedSources-normal/x86_64 -I/Volumes/git/m1-sdk/lib/_builds/xcode/Mach1SpatialLibraries.build/Release/Mach1TranscodeCAPIbundle.build/DerivedSources/x86_64 -I/Volumes/git/m1-sdk/lib/_builds/xcode/Mach1SpatialLibraries.build/Release/Mach1TranscodeCAPIbundle.build/DerivedSources -F/Volumes/git/m1-sdk/lib/_builds/xcode/Release -std\=c++11 -DNDEBUG -fPIC -std\=c++11 -MMD -MT dependencies -MF /Volumes/git/m1-sdk/lib/_builds/xcode/Mach1SpatialLibraries.build/Release/Mach1TranscodeCAPIbundle.build/Objects-normal/x86_64/M1DSPDynamics.d --serialize-diagnostics /Volumes/git/m1-sdk/lib/_builds/xcode/Mach1SpatialLibraries.build/Release/Mach1TranscodeCAPIbundle.build/Objects-normal/x86_64/M1DSPDynamics.dia -c /Volumes/git/m1-sdk/lib/include/M1DSP/M1DSPDynamics.cpp -o /Volumes/git/m1-sdk/lib/_builds/xcode/Mach1SpatialLibraries.build/Release/Mach1TranscodeCAPIbundle.build/Objects-normal/x86_64/M1DSPDynamics.o

CompileC /Volumes/git/m1-sdk/lib/_builds/xcode/Mach1SpatialLibraries.build/Release/Mach1TranscodeCAPIbundle.build/Objects-normal/arm64/pugixml.o /Volumes/git/m1-sdk/lib/include/xml/pugixml.cpp normal arm64 c++ com.apple.compilers.llvm.clang.1_0.compiler (in target 'Mach1TranscodeCAPIbundle' from project 'Mach1SpatialLibraries')
    cd /Volumes/git/m1-sdk/lib
    /Applications/Xcode.app/Contents/Developer/Toolchains/XcodeDefault.xctoolchain/usr/bin/clang -x c++ -target arm64-apple-macos11.3 -fmessage-length\=0 -fdiagnostics-show-note-include-stack -fmacro-backtrace-limit\=0 -stdlib\=libc++ -Wno-trigraphs -fpascal-strings -O3 -Wno-missing-field-initializers -Wno-missing-prototypes -Wno-return-type -Wno-non-virtual-dtor -Wno-overloaded-virtual -Wno-exit-time-destructors -Wno-missing-braces -Wparentheses -Wswitch -Wno-unused-function -Wno-unused-label -Wno-unused-parameter -Wno-unused-variable -Wunused-value -Wno-empty-body -Wno-uninitialized -Wno-unknown-pragmas -Wno-shadow -Wno-four-char-constants -Wno-conversion -Wno-constant-conversion -Wno-int-conversion -Wno-bool-conversion -Wno-enum-conversion -Wno-float-conversion -Wno-non-literal-null-conversion -Wno-objc-literal-conversion -Wno-shorten-64-to-32 -Wno-newline-eof -Wno-c++11-extensions -DCMAKE_INTDIR\=\"Release\" -DMach1TranscodeCAPIbundle_EXPORTS -isysroot /Applications/Xcode.app/Contents/Developer/Platforms/MacOSX.platform/Developer/SDKs/MacOSX11.3.sdk -fstrict-aliasing -Wdeprecated-declarations -Winvalid-offsetof -Wno-sign-conversion -Wno-infinite-recursion -Wno-move -Wno-comma -Wno-block-capture-autoreleasing -Wno-strict-prototypes -Wno-range-loop-analysis -Wno-semicolon-before-method-body -I/Volumes/git/m1-sdk/lib/_builds/xcode/Release/include -I/Volumes/git/m1-sdk/lib/include -I/Volumes/git/m1-sdk/lib/_builds/xcode/Mach1SpatialLibraries.build/Release/Mach1TranscodeCAPIbundle.build/DerivedSources-normal/arm64 -I/Volumes/git/m1-sdk/lib/_builds/xcode/Mach1SpatialLibraries.build/Release/Mach1TranscodeCAPIbundle.build/DerivedSources/arm64 -I/Volumes/git/m1-sdk/lib/_builds/xcode/Mach1SpatialLibraries.build/Release/Mach1TranscodeCAPIbundle.build/DerivedSources -F/Volumes/git/m1-sdk/lib/_builds/xcode/Release -std\=c++11 -DNDEBUG -fPIC -std\=c++11 -MMD -MT dependencies -MF /Volumes/git/m1-sdk/lib/_builds/xcode/Mach1SpatialLibraries.build/Release/Mach1TranscodeCAPIbundle.build/Objects-normal/arm64/pugixml.d --serialize-diagnostics /Volumes/git/m1-sdk/lib/_builds/xcode/Mach1SpatialLibraries.build/Release/Mach1TranscodeCAPIbundle.build/Objects-normal/arm64/pugixml.dia -c /Volumes/git/m1-sdk/lib/include/xml/pugixml.cpp -o /Volumes/git/m1-sdk/lib/_builds/xcode/Mach1SpatialLibraries.build/Release/Mach1TranscodeCAPIbundle.build/Objects-normal/arm64/pugixml.o

CompileC /Volumes/git/m1-sdk/lib/_builds/xcode/Mach1SpatialLibraries.build/Release/Mach1TranscodeCAPIbundle.build/Objects-normal/arm64/Yaml.o /Volumes/git/m1-sdk/lib/include/yaml/Yaml.cpp normal arm64 c++ com.apple.compilers.llvm.clang.1_0.compiler (in target 'Mach1TranscodeCAPIbundle' from project 'Mach1SpatialLibraries')
    cd /Volumes/git/m1-sdk/lib
    /Applications/Xcode.app/Contents/Developer/Toolchains/XcodeDefault.xctoolchain/usr/bin/clang -x c++ -target arm64-apple-macos11.3 -fmessage-length\=0 -fdiagnostics-show-note-include-stack -fmacro-backtrace-limit\=0 -stdlib\=libc++ -Wno-trigraphs -fpascal-strings -O3 -Wno-missing-field-initializers -Wno-missing-prototypes -Wno-return-type -Wno-non-virtual-dtor -Wno-overloaded-virtual -Wno-exit-time-destructors -Wno-missing-braces -Wparentheses -Wswitch -Wno-unused-function -Wno-unused-label -Wno-unused-parameter -Wno-unused-variable -Wunused-value -Wno-empty-body -Wno-uninitialized -Wno-unknown-pragmas -Wno-shadow -Wno-four-char-constants -Wno-conversion -Wno-constant-conversion -Wno-int-conversion -Wno-bool-conversion -Wno-enum-conversion -Wno-float-conversion -Wno-non-literal-null-conversion -Wno-objc-literal-conversion -Wno-shorten-64-to-32 -Wno-newline-eof -Wno-c++11-extensions -DCMAKE_INTDIR\=\"Release\" -DMach1TranscodeCAPIbundle_EXPORTS -isysroot /Applications/Xcode.app/Contents/Developer/Platforms/MacOSX.platform/Developer/SDKs/MacOSX11.3.sdk -fstrict-aliasing -Wdeprecated-declarations -Winvalid-offsetof -Wno-sign-conversion -Wno-infinite-recursion -Wno-move -Wno-comma -Wno-block-capture-autoreleasing -Wno-strict-prototypes -Wno-range-loop-analysis -Wno-semicolon-before-method-body -I/Volumes/git/m1-sdk/lib/_builds/xcode/Release/include -I/Volumes/git/m1-sdk/lib/include -I/Volumes/git/m1-sdk/lib/_builds/xcode/Mach1SpatialLibraries.build/Release/Mach1TranscodeCAPIbundle.build/DerivedSources-normal/arm64 -I/Volumes/git/m1-sdk/lib/_builds/xcode/Mach1SpatialLibraries.build/Release/Mach1TranscodeCAPIbundle.build/DerivedSources/arm64 -I/Volumes/git/m1-sdk/lib/_builds/xcode/Mach1SpatialLibraries.build/Release/Mach1TranscodeCAPIbundle.build/DerivedSources -F/Volumes/git/m1-sdk/lib/_builds/xcode/Release -std\=c++11 -DNDEBUG -fPIC -std\=c++11 -MMD -MT dependencies -MF /Volumes/git/m1-sdk/lib/_builds/xcode/Mach1SpatialLibraries.build/Release/Mach1TranscodeCAPIbundle.build/Objects-normal/arm64/Yaml.d --serialize-diagnostics /Volumes/git/m1-sdk/lib/_builds/xcode/Mach1SpatialLibraries.build/Release/Mach1TranscodeCAPIbundle.build/Objects-normal/arm64/Yaml.dia -c /Volumes/git/m1-sdk/lib/include/yaml/Yaml.cpp -o /Volumes/git/m1-sdk/lib/_builds/xcode/Mach1SpatialLibraries.build/Release/Mach1TranscodeCAPIbundle.build/Objects-normal/arm64/Yaml.o

CompileC /Volumes/git/m1-sdk/lib/_builds/xcode/Mach1SpatialLibraries.build/Release/Mach1TranscodeCAPIbundle.build/Objects-normal/arm64/Mach1TranscodeCore.o /Volumes/git/m1-sdk/lib/Mach1TranscodeCore.cpp normal arm64 c++ com.apple.compilers.llvm.clang.1_0.compiler (in target 'Mach1TranscodeCAPIbundle' from project 'Mach1SpatialLibraries')
    cd /Volumes/git/m1-sdk/lib
    /Applications/Xcode.app/Contents/Developer/Toolchains/XcodeDefault.xctoolchain/usr/bin/clang -x c++ -target arm64-apple-macos11.3 -fmessage-length\=0 -fdiagnostics-show-note-include-stack -fmacro-backtrace-limit\=0 -stdlib\=libc++ -Wno-trigraphs -fpascal-strings -O3 -Wno-missing-field-initializers -Wno-missing-prototypes -Wno-return-type -Wno-non-virtual-dtor -Wno-overloaded-virtual -Wno-exit-time-destructors -Wno-missing-braces -Wparentheses -Wswitch -Wno-unused-function -Wno-unused-label -Wno-unused-parameter -Wno-unused-variable -Wunused-value -Wno-empty-body -Wno-uninitialized -Wno-unknown-pragmas -Wno-shadow -Wno-four-char-constants -Wno-conversion -Wno-constant-conversion -Wno-int-conversion -Wno-bool-conversion -Wno-enum-conversion -Wno-float-conversion -Wno-non-literal-null-conversion -Wno-objc-literal-conversion -Wno-shorten-64-to-32 -Wno-newline-eof -Wno-c++11-extensions -DCMAKE_INTDIR\=\"Release\" -DMach1TranscodeCAPIbundle_EXPORTS -isysroot /Applications/Xcode.app/Contents/Developer/Platforms/MacOSX.platform/Developer/SDKs/MacOSX11.3.sdk -fstrict-aliasing -Wdeprecated-declarations -Winvalid-offsetof -Wno-sign-conversion -Wno-infinite-recursion -Wno-move -Wno-comma -Wno-block-capture-autoreleasing -Wno-strict-prototypes -Wno-range-loop-analysis -Wno-semicolon-before-method-body -I/Volumes/git/m1-sdk/lib/_builds/xcode/Release/include -I/Volumes/git/m1-sdk/lib/include -I/Volumes/git/m1-sdk/lib/_builds/xcode/Mach1SpatialLibraries.build/Release/Mach1TranscodeCAPIbundle.build/DerivedSources-normal/arm64 -I/Volumes/git/m1-sdk/lib/_builds/xcode/Mach1SpatialLibraries.build/Release/Mach1TranscodeCAPIbundle.build/DerivedSources/arm64 -I/Volumes/git/m1-sdk/lib/_builds/xcode/Mach1SpatialLibraries.build/Release/Mach1TranscodeCAPIbundle.build/DerivedSources -F/Volumes/git/m1-sdk/lib/_builds/xcode/Release -std\=c++11 -DNDEBUG -fPIC -std\=c++11 -MMD -MT dependencies -MF /Volumes/git/m1-sdk/lib/_builds/xcode/Mach1SpatialLibraries.build/Release/Mach1TranscodeCAPIbundle.build/Objects-normal/arm64/Mach1TranscodeCore.d --serialize-diagnostics /Volumes/git/m1-sdk/lib/_builds/xcode/Mach1SpatialLibraries.build/Release/Mach1TranscodeCAPIbundle.build/Objects-normal/arm64/Mach1TranscodeCore.dia -c /Volumes/git/m1-sdk/lib/Mach1TranscodeCore.cpp -o /Volumes/git/m1-sdk/lib/_builds/xcode/Mach1SpatialLibraries.build/Release/Mach1TranscodeCAPIbundle.build/Objects-normal/arm64/Mach1TranscodeCore.o
In file included from /Volumes/git/m1-sdk/lib/Mach1TranscodeCore.cpp:4:
/Volumes/git/m1-sdk/lib/Mach1TranscodeCore.h:2232:135: error: no member named 'M1SpatialS2DolbyAtmosSevenOneTwo' in namespace 'Mach1TranscodeConstantsInternal'
                {std::make_pair(Mach1TranscodeFormats::M1SpatialS, Mach1TranscodeFormats::DolbyAtmosSevenOneTwo), &Mach1TranscodeConstantsInternal::M1SpatialS2DolbyAtmosSevenOneTwo},
                                                                                                                   ~~~~~~~~~~~~~~~~~~~~~~~~~~~~~~~~~^

CompileC /Volumes/git/m1-sdk/lib/_builds/xcode/Mach1SpatialLibraries.build/Release/Mach1TranscodeCAPIbundle.build/Objects-normal/arm64/Mach1TranscodeCAPI.o /Volumes/git/m1-sdk/lib/Mach1TranscodeCAPI.cpp normal arm64 c++ com.apple.compilers.llvm.clang.1_0.compiler (in target 'Mach1TranscodeCAPIbundle' from project 'Mach1SpatialLibraries')
    cd /Volumes/git/m1-sdk/lib
    /Applications/Xcode.app/Contents/Developer/Toolchains/XcodeDefault.xctoolchain/usr/bin/clang -x c++ -target arm64-apple-macos11.3 -fmessage-length\=0 -fdiagnostics-show-note-include-stack -fmacro-backtrace-limit\=0 -stdlib\=libc++ -Wno-trigraphs -fpascal-strings -O3 -Wno-missing-field-initializers -Wno-missing-prototypes -Wno-return-type -Wno-non-virtual-dtor -Wno-overloaded-virtual -Wno-exit-time-destructors -Wno-missing-braces -Wparentheses -Wswitch -Wno-unused-function -Wno-unused-label -Wno-unused-parameter -Wno-unused-variable -Wunused-value -Wno-empty-body -Wno-uninitialized -Wno-unknown-pragmas -Wno-shadow -Wno-four-char-constants -Wno-conversion -Wno-constant-conversion -Wno-int-conversion -Wno-bool-conversion -Wno-enum-conversion -Wno-float-conversion -Wno-non-literal-null-conversion -Wno-objc-literal-conversion -Wno-shorten-64-to-32 -Wno-newline-eof -Wno-c++11-extensions -DCMAKE_INTDIR\=\"Release\" -DMach1TranscodeCAPIbundle_EXPORTS -isysroot /Applications/Xcode.app/Contents/Developer/Platforms/MacOSX.platform/Developer/SDKs/MacOSX11.3.sdk -fstrict-aliasing -Wdeprecated-declarations -Winvalid-offsetof -Wno-sign-conversion -Wno-infinite-recursion -Wno-move -Wno-comma -Wno-block-capture-autoreleasing -Wno-strict-prototypes -Wno-range-loop-analysis -Wno-semicolon-before-method-body -I/Volumes/git/m1-sdk/lib/_builds/xcode/Release/include -I/Volumes/git/m1-sdk/lib/include -I/Volumes/git/m1-sdk/lib/_builds/xcode/Mach1SpatialLibraries.build/Release/Mach1TranscodeCAPIbundle.build/DerivedSources-normal/arm64 -I/Volumes/git/m1-sdk/lib/_builds/xcode/Mach1SpatialLibraries.build/Release/Mach1TranscodeCAPIbundle.build/DerivedSources/arm64 -I/Volumes/git/m1-sdk/lib/_builds/xcode/Mach1SpatialLibraries.build/Release/Mach1TranscodeCAPIbundle.build/DerivedSources -F/Volumes/git/m1-sdk/lib/_builds/xcode/Release -std\=c++11 -DNDEBUG -fPIC -std\=c++11 -MMD -MT dependencies -MF /Volumes/git/m1-sdk/lib/_builds/xcode/Mach1SpatialLibraries.build/Release/Mach1TranscodeCAPIbundle.build/Objects-normal/arm64/Mach1TranscodeCAPI.d --serialize-diagnostics /Volumes/git/m1-sdk/lib/_builds/xcode/Mach1SpatialLibraries.build/Release/Mach1TranscodeCAPIbundle.build/Objects-normal/arm64/Mach1TranscodeCAPI.dia -c /Volumes/git/m1-sdk/lib/Mach1TranscodeCAPI.cpp -o /Volumes/git/m1-sdk/lib/_builds/xcode/Mach1SpatialLibraries.build/Release/Mach1TranscodeCAPIbundle.build/Objects-normal/arm64/Mach1TranscodeCAPI.o
In file included from /Volumes/git/m1-sdk/lib/Mach1TranscodeCAPI.cpp:4:
/Volumes/git/m1-sdk/lib/Mach1TranscodeCore.h:2232:135: error: no member named 'M1SpatialS2DolbyAtmosSevenOneTwo' in namespace 'Mach1TranscodeConstantsInternal'
                {std::make_pair(Mach1TranscodeFormats::M1SpatialS, Mach1TranscodeFormats::DolbyAtmosSevenOneTwo), &Mach1TranscodeConstantsInternal::M1SpatialS2DolbyAtmosSevenOneTwo},
                                                                                                                   ~~~~~~~~~~~~~~~~~~~~~~~~~~~~~~~~~^
1 error generated.

CompileC /Volumes/git/m1-sdk/lib/_builds/xcode/Mach1SpatialLibraries.build/Release/Mach1TranscodeCAPIbundle.build/Objects-normal/arm64/Mach1Point3DCore.o /Volumes/git/m1-sdk/lib/Mach1Point3DCore.cpp normal arm64 c++ com.apple.compilers.llvm.clang.1_0.compiler (in target 'Mach1TranscodeCAPIbundle' from project 'Mach1SpatialLibraries')
    cd /Volumes/git/m1-sdk/lib
    /Applications/Xcode.app/Contents/Developer/Toolchains/XcodeDefault.xctoolchain/usr/bin/clang -x c++ -target arm64-apple-macos11.3 -fmessage-length\=0 -fdiagnostics-show-note-include-stack -fmacro-backtrace-limit\=0 -stdlib\=libc++ -Wno-trigraphs -fpascal-strings -O3 -Wno-missing-field-initializers -Wno-missing-prototypes -Wno-return-type -Wno-non-virtual-dtor -Wno-overloaded-virtual -Wno-exit-time-destructors -Wno-missing-braces -Wparentheses -Wswitch -Wno-unused-function -Wno-unused-label -Wno-unused-parameter -Wno-unused-variable -Wunused-value -Wno-empty-body -Wno-uninitialized -Wno-unknown-pragmas -Wno-shadow -Wno-four-char-constants -Wno-conversion -Wno-constant-conversion -Wno-int-conversion -Wno-bool-conversion -Wno-enum-conversion -Wno-float-conversion -Wno-non-literal-null-conversion -Wno-objc-literal-conversion -Wno-shorten-64-to-32 -Wno-newline-eof -Wno-c++11-extensions -DCMAKE_INTDIR\=\"Release\" -DMach1TranscodeCAPIbundle_EXPORTS -isysroot /Applications/Xcode.app/Contents/Developer/Platforms/MacOSX.platform/Developer/SDKs/MacOSX11.3.sdk -fstrict-aliasing -Wdeprecated-declarations -Winvalid-offsetof -Wno-sign-conversion -Wno-infinite-recursion -Wno-move -Wno-comma -Wno-block-capture-autoreleasing -Wno-strict-prototypes -Wno-range-loop-analysis -Wno-semicolon-before-method-body -I/Volumes/git/m1-sdk/lib/_builds/xcode/Release/include -I/Volumes/git/m1-sdk/lib/include -I/Volumes/git/m1-sdk/lib/_builds/xcode/Mach1SpatialLibraries.build/Release/Mach1TranscodeCAPIbundle.build/DerivedSources-normal/arm64 -I/Volumes/git/m1-sdk/lib/_builds/xcode/Mach1SpatialLibraries.build/Release/Mach1TranscodeCAPIbundle.build/DerivedSources/arm64 -I/Volumes/git/m1-sdk/lib/_builds/xcode/Mach1SpatialLibraries.build/Release/Mach1TranscodeCAPIbundle.build/DerivedSources -F/Volumes/git/m1-sdk/lib/_builds/xcode/Release -std\=c++11 -DNDEBUG -fPIC -std\=c++11 -MMD -MT dependencies -MF /Volumes/git/m1-sdk/lib/_builds/xcode/Mach1SpatialLibraries.build/Release/Mach1TranscodeCAPIbundle.build/Objects-normal/arm64/Mach1Point3DCore.d --serialize-diagnostics /Volumes/git/m1-sdk/lib/_builds/xcode/Mach1SpatialLibraries.build/Release/Mach1TranscodeCAPIbundle.build/Objects-normal/arm64/Mach1Point3DCore.dia -c /Volumes/git/m1-sdk/lib/Mach1Point3DCore.cpp -o /Volumes/git/m1-sdk/lib/_builds/xcode/Mach1SpatialLibraries.build/Release/Mach1TranscodeCAPIbundle.build/Objects-normal/arm64/Mach1Point3DCore.o

WriteAuxiliaryFile /Volumes/git/m1-sdk/lib/_builds/xcode/Mach1SpatialLibraries.build/Release/Mach1TranscodeCAPIstatic.build/Objects-normal/x86_64/Mach1TranscodeCAPI.LinkFileList (in target 'Mach1TranscodeCAPIstatic' from project 'Mach1SpatialLibraries')
    cd /Volumes/git/m1-sdk/lib
    write-file /Volumes/git/m1-sdk/lib/_builds/xcode/Mach1SpatialLibraries.build/Release/Mach1TranscodeCAPIstatic.build/Objects-normal/x86_64/Mach1TranscodeCAPI.LinkFileList

WriteAuxiliaryFile /Volumes/git/m1-sdk/lib/_builds/xcode/Mach1SpatialLibraries.build/Release/Mach1TranscodeCAPIstatic.build/Objects-normal/arm64/Mach1TranscodeCAPI.LinkFileList (in target 'Mach1TranscodeCAPIstatic' from project 'Mach1SpatialLibraries')
    cd /Volumes/git/m1-sdk/lib
    write-file /Volumes/git/m1-sdk/lib/_builds/xcode/Mach1SpatialLibraries.build/Release/Mach1TranscodeCAPIstatic.build/Objects-normal/arm64/Mach1TranscodeCAPI.LinkFileList

CompileC /Volumes/git/m1-sdk/lib/_builds/xcode/Mach1SpatialLibraries.build/Release/Mach1TranscodeCAPIstatic.build/Objects-normal/x86_64/pugixml.o /Volumes/git/m1-sdk/lib/include/xml/pugixml.cpp normal x86_64 c++ com.apple.compilers.llvm.clang.1_0.compiler (in target 'Mach1TranscodeCAPIstatic' from project 'Mach1SpatialLibraries')
    cd /Volumes/git/m1-sdk/lib
    /Applications/Xcode.app/Contents/Developer/Toolchains/XcodeDefault.xctoolchain/usr/bin/clang -x c++ -target x86_64-apple-macos11.3 -fmessage-length\=0 -fdiagnostics-show-note-include-stack -fmacro-backtrace-limit\=0 -stdlib\=libc++ -Wno-trigraphs -fpascal-strings -O3 -Wno-missing-field-initializers -Wno-missing-prototypes -Wno-return-type -Wno-non-virtual-dtor -Wno-overloaded-virtual -Wno-exit-time-destructors -Wno-missing-braces -Wparentheses -Wswitch -Wno-unused-function -Wno-unused-label -Wno-unused-parameter -Wno-unused-variable -Wunused-value -Wno-empty-body -Wno-uninitialized -Wno-unknown-pragmas -Wno-shadow -Wno-four-char-constants -Wno-conversion -Wno-constant-conversion -Wno-int-conversion -Wno-bool-conversion -Wno-enum-conversion -Wno-float-conversion -Wno-non-literal-null-conversion -Wno-objc-literal-conversion -Wno-shorten-64-to-32 -Wno-newline-eof -Wno-c++11-extensions -DCMAKE_INTDIR\=\"Release\" -isysroot /Applications/Xcode.app/Contents/Developer/Platforms/MacOSX.platform/Developer/SDKs/MacOSX11.3.sdk -fasm-blocks -fstrict-aliasing -Wdeprecated-declarations -Winvalid-offsetof -Wno-sign-conversion -Wno-infinite-recursion -Wno-move -Wno-comma -Wno-block-capture-autoreleasing -Wno-strict-prototypes -Wno-range-loop-analysis -Wno-semicolon-before-method-body -I/Volumes/git/m1-sdk/lib/_builds/xcode/Release/include -I/Volumes/git/m1-sdk/lib/include -I/Volumes/git/m1-sdk/lib/_builds/xcode/Mach1SpatialLibraries.build/Release/Mach1TranscodeCAPIstatic.build/DerivedSources-normal/x86_64 -I/Volumes/git/m1-sdk/lib/_builds/xcode/Mach1SpatialLibraries.build/Release/Mach1TranscodeCAPIstatic.build/DerivedSources/x86_64 -I/Volumes/git/m1-sdk/lib/_builds/xcode/Mach1SpatialLibraries.build/Release/Mach1TranscodeCAPIstatic.build/DerivedSources -F/Volumes/git/m1-sdk/lib/_builds/xcode/Release -std\=c++11 -DNDEBUG -std\=c++11 -MMD -MT dependencies -MF /Volumes/git/m1-sdk/lib/_builds/xcode/Mach1SpatialLibraries.build/Release/Mach1TranscodeCAPIstatic.build/Objects-normal/x86_64/pugixml.d --serialize-diagnostics /Volumes/git/m1-sdk/lib/_builds/xcode/Mach1SpatialLibraries.build/Release/Mach1TranscodeCAPIstatic.build/Objects-normal/x86_64/pugixml.dia -c /Volumes/git/m1-sdk/lib/include/xml/pugixml.cpp -o /Volumes/git/m1-sdk/lib/_builds/xcode/Mach1SpatialLibraries.build/Release/Mach1TranscodeCAPIstatic.build/Objects-normal/x86_64/pugixml.o

CompileC /Volumes/git/m1-sdk/lib/_builds/xcode/Mach1SpatialLibraries.build/Release/Mach1TranscodeCAPIstatic.build/Objects-normal/x86_64/Yaml.o /Volumes/git/m1-sdk/lib/include/yaml/Yaml.cpp normal x86_64 c++ com.apple.compilers.llvm.clang.1_0.compiler (in target 'Mach1TranscodeCAPIstatic' from project 'Mach1SpatialLibraries')
    cd /Volumes/git/m1-sdk/lib
    /Applications/Xcode.app/Contents/Developer/Toolchains/XcodeDefault.xctoolchain/usr/bin/clang -x c++ -target x86_64-apple-macos11.3 -fmessage-length\=0 -fdiagnostics-show-note-include-stack -fmacro-backtrace-limit\=0 -stdlib\=libc++ -Wno-trigraphs -fpascal-strings -O3 -Wno-missing-field-initializers -Wno-missing-prototypes -Wno-return-type -Wno-non-virtual-dtor -Wno-overloaded-virtual -Wno-exit-time-destructors -Wno-missing-braces -Wparentheses -Wswitch -Wno-unused-function -Wno-unused-label -Wno-unused-parameter -Wno-unused-variable -Wunused-value -Wno-empty-body -Wno-uninitialized -Wno-unknown-pragmas -Wno-shadow -Wno-four-char-constants -Wno-conversion -Wno-constant-conversion -Wno-int-conversion -Wno-bool-conversion -Wno-enum-conversion -Wno-float-conversion -Wno-non-literal-null-conversion -Wno-objc-literal-conversion -Wno-shorten-64-to-32 -Wno-newline-eof -Wno-c++11-extensions -DCMAKE_INTDIR\=\"Release\" -isysroot /Applications/Xcode.app/Contents/Developer/Platforms/MacOSX.platform/Developer/SDKs/MacOSX11.3.sdk -fasm-blocks -fstrict-aliasing -Wdeprecated-declarations -Winvalid-offsetof -Wno-sign-conversion -Wno-infinite-recursion -Wno-move -Wno-comma -Wno-block-capture-autoreleasing -Wno-strict-prototypes -Wno-range-loop-analysis -Wno-semicolon-before-method-body -I/Volumes/git/m1-sdk/lib/_builds/xcode/Release/include -I/Volumes/git/m1-sdk/lib/include -I/Volumes/git/m1-sdk/lib/_builds/xcode/Mach1SpatialLibraries.build/Release/Mach1TranscodeCAPIstatic.build/DerivedSources-normal/x86_64 -I/Volumes/git/m1-sdk/lib/_builds/xcode/Mach1SpatialLibraries.build/Release/Mach1TranscodeCAPIstatic.build/DerivedSources/x86_64 -I/Volumes/git/m1-sdk/lib/_builds/xcode/Mach1SpatialLibraries.build/Release/Mach1TranscodeCAPIstatic.build/DerivedSources -F/Volumes/git/m1-sdk/lib/_builds/xcode/Release -std\=c++11 -DNDEBUG -std\=c++11 -MMD -MT dependencies -MF /Volumes/git/m1-sdk/lib/_builds/xcode/Mach1SpatialLibraries.build/Release/Mach1TranscodeCAPIstatic.build/Objects-normal/x86_64/Yaml.d --serialize-diagnostics /Volumes/git/m1-sdk/lib/_builds/xcode/Mach1SpatialLibraries.build/Release/Mach1TranscodeCAPIstatic.build/Objects-normal/x86_64/Yaml.dia -c /Volumes/git/m1-sdk/lib/include/yaml/Yaml.cpp -o /Volumes/git/m1-sdk/lib/_builds/xcode/Mach1SpatialLibraries.build/Release/Mach1TranscodeCAPIstatic.build/Objects-normal/x86_64/Yaml.o

CompileC /Volumes/git/m1-sdk/lib/_builds/xcode/Mach1SpatialLibraries.build/Release/Mach1TranscodeCAPIstatic.build/Objects-normal/x86_64/Mach1TranscodeCore.o /Volumes/git/m1-sdk/lib/Mach1TranscodeCore.cpp normal x86_64 c++ com.apple.compilers.llvm.clang.1_0.compiler (in target 'Mach1TranscodeCAPIstatic' from project 'Mach1SpatialLibraries')
    cd /Volumes/git/m1-sdk/lib
    /Applications/Xcode.app/Contents/Developer/Toolchains/XcodeDefault.xctoolchain/usr/bin/clang -x c++ -target x86_64-apple-macos11.3 -fmessage-length\=0 -fdiagnostics-show-note-include-stack -fmacro-backtrace-limit\=0 -stdlib\=libc++ -Wno-trigraphs -fpascal-strings -O3 -Wno-missing-field-initializers -Wno-missing-prototypes -Wno-return-type -Wno-non-virtual-dtor -Wno-overloaded-virtual -Wno-exit-time-destructors -Wno-missing-braces -Wparentheses -Wswitch -Wno-unused-function -Wno-unused-label -Wno-unused-parameter -Wno-unused-variable -Wunused-value -Wno-empty-body -Wno-uninitialized -Wno-unknown-pragmas -Wno-shadow -Wno-four-char-constants -Wno-conversion -Wno-constant-conversion -Wno-int-conversion -Wno-bool-conversion -Wno-enum-conversion -Wno-float-conversion -Wno-non-literal-null-conversion -Wno-objc-literal-conversion -Wno-shorten-64-to-32 -Wno-newline-eof -Wno-c++11-extensions -DCMAKE_INTDIR\=\"Release\" -isysroot /Applications/Xcode.app/Contents/Developer/Platforms/MacOSX.platform/Developer/SDKs/MacOSX11.3.sdk -fasm-blocks -fstrict-aliasing -Wdeprecated-declarations -Winvalid-offsetof -Wno-sign-conversion -Wno-infinite-recursion -Wno-move -Wno-comma -Wno-block-capture-autoreleasing -Wno-strict-prototypes -Wno-range-loop-analysis -Wno-semicolon-before-method-body -I/Volumes/git/m1-sdk/lib/_builds/xcode/Release/include -I/Volumes/git/m1-sdk/lib/include -I/Volumes/git/m1-sdk/lib/_builds/xcode/Mach1SpatialLibraries.build/Release/Mach1TranscodeCAPIstatic.build/DerivedSources-normal/x86_64 -I/Volumes/git/m1-sdk/lib/_builds/xcode/Mach1SpatialLibraries.build/Release/Mach1TranscodeCAPIstatic.build/DerivedSources/x86_64 -I/Volumes/git/m1-sdk/lib/_builds/xcode/Mach1SpatialLibraries.build/Release/Mach1TranscodeCAPIstatic.build/DerivedSources -F/Volumes/git/m1-sdk/lib/_builds/xcode/Release -std\=c++11 -DNDEBUG -std\=c++11 -MMD -MT dependencies -MF /Volumes/git/m1-sdk/lib/_builds/xcode/Mach1SpatialLibraries.build/Release/Mach1TranscodeCAPIstatic.build/Objects-normal/x86_64/Mach1TranscodeCore.d --serialize-diagnostics /Volumes/git/m1-sdk/lib/_builds/xcode/Mach1SpatialLibraries.build/Release/Mach1TranscodeCAPIstatic.build/Objects-normal/x86_64/Mach1TranscodeCore.dia -c /Volumes/git/m1-sdk/lib/Mach1TranscodeCore.cpp -o /Volumes/git/m1-sdk/lib/_builds/xcode/Mach1SpatialLibraries.build/Release/Mach1TranscodeCAPIstatic.build/Objects-normal/x86_64/Mach1TranscodeCore.o

CompileC /Volumes/git/m1-sdk/lib/_builds/xcode/Mach1SpatialLibraries.build/Release/Mach1TranscodeCAPIstatic.build/Objects-normal/x86_64/Mach1TranscodeCAPI.o /Volumes/git/m1-sdk/lib/Mach1TranscodeCAPI.cpp normal x86_64 c++ com.apple.compilers.llvm.clang.1_0.compiler (in target 'Mach1TranscodeCAPIstatic' from project 'Mach1SpatialLibraries')
    cd /Volumes/git/m1-sdk/lib
    /Applications/Xcode.app/Contents/Developer/Toolchains/XcodeDefault.xctoolchain/usr/bin/clang -x c++ -target x86_64-apple-macos11.3 -fmessage-length\=0 -fdiagnostics-show-note-include-stack -fmacro-backtrace-limit\=0 -stdlib\=libc++ -Wno-trigraphs -fpascal-strings -O3 -Wno-missing-field-initializers -Wno-missing-prototypes -Wno-return-type -Wno-non-virtual-dtor -Wno-overloaded-virtual -Wno-exit-time-destructors -Wno-missing-braces -Wparentheses -Wswitch -Wno-unused-function -Wno-unused-label -Wno-unused-parameter -Wno-unused-variable -Wunused-value -Wno-empty-body -Wno-uninitialized -Wno-unknown-pragmas -Wno-shadow -Wno-four-char-constants -Wno-conversion -Wno-constant-conversion -Wno-int-conversion -Wno-bool-conversion -Wno-enum-conversion -Wno-float-conversion -Wno-non-literal-null-conversion -Wno-objc-literal-conversion -Wno-shorten-64-to-32 -Wno-newline-eof -Wno-c++11-extensions -DCMAKE_INTDIR\=\"Release\" -isysroot /Applications/Xcode.app/Contents/Developer/Platforms/MacOSX.platform/Developer/SDKs/MacOSX11.3.sdk -fasm-blocks -fstrict-aliasing -Wdeprecated-declarations -Winvalid-offsetof -Wno-sign-conversion -Wno-infinite-recursion -Wno-move -Wno-comma -Wno-block-capture-autoreleasing -Wno-strict-prototypes -Wno-range-loop-analysis -Wno-semicolon-before-method-body -I/Volumes/git/m1-sdk/lib/_builds/xcode/Release/include -I/Volumes/git/m1-sdk/lib/include -I/Volumes/git/m1-sdk/lib/_builds/xcode/Mach1SpatialLibraries.build/Release/Mach1TranscodeCAPIstatic.build/DerivedSources-normal/x86_64 -I/Volumes/git/m1-sdk/lib/_builds/xcode/Mach1SpatialLibraries.build/Release/Mach1TranscodeCAPIstatic.build/DerivedSources/x86_64 -I/Volumes/git/m1-sdk/lib/_builds/xcode/Mach1SpatialLibraries.build/Release/Mach1TranscodeCAPIstatic.build/DerivedSources -F/Volumes/git/m1-sdk/lib/_builds/xcode/Release -std\=c++11 -DNDEBUG -std\=c++11 -MMD -MT dependencies -MF /Volumes/git/m1-sdk/lib/_builds/xcode/Mach1SpatialLibraries.build/Release/Mach1TranscodeCAPIstatic.build/Objects-normal/x86_64/Mach1TranscodeCAPI.d --serialize-diagnostics /Volumes/git/m1-sdk/lib/_builds/xcode/Mach1SpatialLibraries.build/Release/Mach1TranscodeCAPIstatic.build/Objects-normal/x86_64/Mach1TranscodeCAPI.dia -c /Volumes/git/m1-sdk/lib/Mach1TranscodeCAPI.cpp -o /Volumes/git/m1-sdk/lib/_builds/xcode/Mach1SpatialLibraries.build/Release/Mach1TranscodeCAPIstatic.build/Objects-normal/x86_64/Mach1TranscodeCAPI.o

CompileC /Volumes/git/m1-sdk/lib/_builds/xcode/Mach1SpatialLibraries.build/Release/Mach1TranscodeCAPIstatic.build/Objects-normal/x86_64/Mach1Point3DCore.o /Volumes/git/m1-sdk/lib/Mach1Point3DCore.cpp normal x86_64 c++ com.apple.compilers.llvm.clang.1_0.compiler (in target 'Mach1TranscodeCAPIstatic' from project 'Mach1SpatialLibraries')
    cd /Volumes/git/m1-sdk/lib
    /Applications/Xcode.app/Contents/Developer/Toolchains/XcodeDefault.xctoolchain/usr/bin/clang -x c++ -target x86_64-apple-macos11.3 -fmessage-length\=0 -fdiagnostics-show-note-include-stack -fmacro-backtrace-limit\=0 -stdlib\=libc++ -Wno-trigraphs -fpascal-strings -O3 -Wno-missing-field-initializers -Wno-missing-prototypes -Wno-return-type -Wno-non-virtual-dtor -Wno-overloaded-virtual -Wno-exit-time-destructors -Wno-missing-braces -Wparentheses -Wswitch -Wno-unused-function -Wno-unused-label -Wno-unused-parameter -Wno-unused-variable -Wunused-value -Wno-empty-body -Wno-uninitialized -Wno-unknown-pragmas -Wno-shadow -Wno-four-char-constants -Wno-conversion -Wno-constant-conversion -Wno-int-conversion -Wno-bool-conversion -Wno-enum-conversion -Wno-float-conversion -Wno-non-literal-null-conversion -Wno-objc-literal-conversion -Wno-shorten-64-to-32 -Wno-newline-eof -Wno-c++11-extensions -DCMAKE_INTDIR\=\"Release\" -isysroot /Applications/Xcode.app/Contents/Developer/Platforms/MacOSX.platform/Developer/SDKs/MacOSX11.3.sdk -fasm-blocks -fstrict-aliasing -Wdeprecated-declarations -Winvalid-offsetof -Wno-sign-conversion -Wno-infinite-recursion -Wno-move -Wno-comma -Wno-block-capture-autoreleasing -Wno-strict-prototypes -Wno-range-loop-analysis -Wno-semicolon-before-method-body -I/Volumes/git/m1-sdk/lib/_builds/xcode/Release/include -I/Volumes/git/m1-sdk/lib/include -I/Volumes/git/m1-sdk/lib/_builds/xcode/Mach1SpatialLibraries.build/Release/Mach1TranscodeCAPIstatic.build/DerivedSources-normal/x86_64 -I/Volumes/git/m1-sdk/lib/_builds/xcode/Mach1SpatialLibraries.build/Release/Mach1TranscodeCAPIstatic.build/DerivedSources/x86_64 -I/Volumes/git/m1-sdk/lib/_builds/xcode/Mach1SpatialLibraries.build/Release/Mach1TranscodeCAPIstatic.build/DerivedSources -F/Volumes/git/m1-sdk/lib/_builds/xcode/Release -std\=c++11 -DNDEBUG -std\=c++11 -MMD -MT dependencies -MF /Volumes/git/m1-sdk/lib/_builds/xcode/Mach1SpatialLibraries.build/Release/Mach1TranscodeCAPIstatic.build/Objects-normal/x86_64/Mach1Point3DCore.d --serialize-diagnostics /Volumes/git/m1-sdk/lib/_builds/xcode/Mach1SpatialLibraries.build/Release/Mach1TranscodeCAPIstatic.build/Objects-normal/x86_64/Mach1Point3DCore.dia -c /Volumes/git/m1-sdk/lib/Mach1Point3DCore.cpp -o /Volumes/git/m1-sdk/lib/_builds/xcode/Mach1SpatialLibraries.build/Release/Mach1TranscodeCAPIstatic.build/Objects-normal/x86_64/Mach1Point3DCore.o

CompileC /Volumes/git/m1-sdk/lib/_builds/xcode/Mach1SpatialLibraries.build/Release/Mach1TranscodeCAPIstatic.build/Objects-normal/x86_64/Mach1GenerateCoeffs.o /Volumes/git/m1-sdk/lib/Mach1GenerateCoeffs.cpp normal x86_64 c++ com.apple.compilers.llvm.clang.1_0.compiler (in target 'Mach1TranscodeCAPIstatic' from project 'Mach1SpatialLibraries')
    cd /Volumes/git/m1-sdk/lib
    /Applications/Xcode.app/Contents/Developer/Toolchains/XcodeDefault.xctoolchain/usr/bin/clang -x c++ -target x86_64-apple-macos11.3 -fmessage-length\=0 -fdiagnostics-show-note-include-stack -fmacro-backtrace-limit\=0 -stdlib\=libc++ -Wno-trigraphs -fpascal-strings -O3 -Wno-missing-field-initializers -Wno-missing-prototypes -Wno-return-type -Wno-non-virtual-dtor -Wno-overloaded-virtual -Wno-exit-time-destructors -Wno-missing-braces -Wparentheses -Wswitch -Wno-unused-function -Wno-unused-label -Wno-unused-parameter -Wno-unused-variable -Wunused-value -Wno-empty-body -Wno-uninitialized -Wno-unknown-pragmas -Wno-shadow -Wno-four-char-constants -Wno-conversion -Wno-constant-conversion -Wno-int-conversion -Wno-bool-conversion -Wno-enum-conversion -Wno-float-conversion -Wno-non-literal-null-conversion -Wno-objc-literal-conversion -Wno-shorten-64-to-32 -Wno-newline-eof -Wno-c++11-extensions -DCMAKE_INTDIR\=\"Release\" -isysroot /Applications/Xcode.app/Contents/Developer/Platforms/MacOSX.platform/Developer/SDKs/MacOSX11.3.sdk -fasm-blocks -fstrict-aliasing -Wdeprecated-declarations -Winvalid-offsetof -Wno-sign-conversion -Wno-infinite-recursion -Wno-move -Wno-comma -Wno-block-capture-autoreleasing -Wno-strict-prototypes -Wno-range-loop-analysis -Wno-semicolon-before-method-body -I/Volumes/git/m1-sdk/lib/_builds/xcode/Release/include -I/Volumes/git/m1-sdk/lib/include -I/Volumes/git/m1-sdk/lib/_builds/xcode/Mach1SpatialLibraries.build/Release/Mach1TranscodeCAPIstatic.build/DerivedSources-normal/x86_64 -I/Volumes/git/m1-sdk/lib/_builds/xcode/Mach1SpatialLibraries.build/Release/Mach1TranscodeCAPIstatic.build/DerivedSources/x86_64 -I/Volumes/git/m1-sdk/lib/_builds/xcode/Mach1SpatialLibraries.build/Release/Mach1TranscodeCAPIstatic.build/DerivedSources -F/Volumes/git/m1-sdk/lib/_builds/xcode/Release -std\=c++11 -DNDEBUG -std\=c++11 -MMD -MT dependencies -MF /Volumes/git/m1-sdk/lib/_builds/xcode/Mach1SpatialLibraries.build/Release/Mach1TranscodeCAPIstatic.build/Objects-normal/x86_64/Mach1GenerateCoeffs.d --serialize-diagnostics /Volumes/git/m1-sdk/lib/_builds/xcode/Mach1SpatialLibraries.build/Release/Mach1TranscodeCAPIstatic.build/Objects-normal/x86_64/Mach1GenerateCoeffs.dia -c /Volumes/git/m1-sdk/lib/Mach1GenerateCoeffs.cpp -o /Volumes/git/m1-sdk/lib/_builds/xcode/Mach1SpatialLibraries.build/Release/Mach1TranscodeCAPIstatic.build/Objects-normal/x86_64/Mach1GenerateCoeffs.o

